# JRE version: OpenJDK Runtime Environment Temurin-21.0.7+6 (21.0.7+6) (build 21.0.7+6-LTS)
# Java VM: OpenJDK 64-Bit Server VM Temurin-21.0.7+6 (21.0.7+6-LTS, mixed mode, sharing, tiered, compressed oops, compressed class ptrs, parallel gc, windows-amd64)
GC Precious Log:
 CardTable entry size: 512
 CPUs: 8 total, 8 available
 Memory: 7937M
 Large Page Support: Disabled
 NUMA Support: Disabled
 Compressed Oops: Enabled (32-bit)
 Alignments: Space 512K, Generation 512K, Heap 2M
 Heap Min Capacity: 100M
 Heap Initial Capacity: 100M
 Heap Max Capacity: 1G
 Pre-touch: Disabled
 Parallel Workers: 8
Heap:
 PSYoungGen      total 12288K, used 11362K [0x00000000eab00000, 0x00000000eba00000, 0x0000000100000000)
  eden space 9728K, 95% used [0x00000000eab00000,0x00000000eb4074a8,0x00000000eb480000)
  from space 2560K, 82% used [0x00000000eb780000,0x00000000eb991670,0x00000000eba00000)
  to   space 2560K, 0% used [0x00000000eb480000,0x00000000eb480000,0x00000000eb700000)
 ParOldGen       total 70144K, used 70128K [0x00000000c0000000, 0x00000000c4480000, 0x00000000eab00000)
  object space 70144K, 99% used [0x00000000c0000000,0x00000000c447c350,0x00000000c4480000)
 Metaspace       used 50711K, committed 51904K, reserved 1114112K
  class space    used 5321K, committed 5888K, reserved 1048576K
GC Heap History (20 events):
Event: 14.362 GC heap before
{Heap before GC invocations=41 (full 2):
 PSYoungGen      total 14848K, used 14354K [0x00000000eab00000, 0x00000000ebb80000, 0x0000000100000000)
  eden space 12800K, 100% used [0x00000000eab00000,0x00000000eb780000,0x00000000eb780000)
  from space 2048K, 75% used [0x00000000eb980000,0x00000000ebb04a20,0x00000000ebb80000)
  to   space 2048K, 0% used [0x00000000eb780000,0x00000000eb780000,0x00000000eb980000)
 ParOldGen       total 68608K, used 49669K [0x00000000c0000000, 0x00000000c4300000, 0x00000000eab00000)
  object space 68608K, 72% used [0x00000000c0000000,0x00000000c3081588,0x00000000c4300000)
 Metaspace       used 47140K, committed 48448K, reserved 1114112K
  class space    used 4969K, committed 5568K, reserved 1048576K
}
Event: 14.365 GC heap after
{Heap after GC invocations=41 (full 2):
 PSYoungGen      total 14848K, used 1622K [0x00000000eab00000, 0x00000000ebb80000, 0x0000000100000000)
  eden space 12800K, 0% used [0x00000000eab00000,0x00000000eab00000,0x00000000eb780000)
  from space 2048K, 79% used [0x00000000eb780000,0x00000000eb915808,0x00000000eb980000)
  to   space 2048K, 0% used [0x00000000eb980000,0x00000000eb980000,0x00000000ebb80000)
 ParOldGen       total 68608K, used 51090K [0x00000000c0000000, 0x00000000c4300000, 0x00000000eab00000)
  object space 68608K, 74% used [0x00000000c0000000,0x00000000c31e4a48,0x00000000c4300000)
 Metaspace       used 47140K, committed 48448K, reserved 1114112K
  class space    used 4969K, committed 5568K, reserved 1048576K
}
Event: 14.437 GC heap before
{Heap before GC invocations=42 (full 2):
 PSYoungGen      total 14848K, used 14422K [0x00000000eab00000, 0x00000000ebb80000, 0x0000000100000000)
  eden space 12800K, 100% used [0x00000000eab00000,0x00000000eb780000,0x00000000eb780000)
  from space 2048K, 79% used [0x00000000eb780000,0x00000000eb915808,0x00000000eb980000)
  to   space 2048K, 0% used [0x00000000eb980000,0x00000000eb980000,0x00000000ebb80000)
 ParOldGen       total 68608K, used 51090K [0x00000000c0000000, 0x00000000c4300000, 0x00000000eab00000)
  object space 68608K, 74% used [0x00000000c0000000,0x00000000c31e4a48,0x00000000c4300000)
 Metaspace       used 47157K, committed 48448K, reserved 1114112K
  class space    used 4969K, committed 5568K, reserved 1048576K
}
Event: 14.441 GC heap after
{Heap after GC invocations=42 (full 2):
 PSYoungGen      total 14848K, used 1696K [0x00000000eab00000, 0x00000000ebb80000, 0x0000000100000000)
  eden space 12800K, 0% used [0x00000000eab00000,0x00000000eab00000,0x00000000eb780000)
  from space 2048K, 82% used [0x00000000eb980000,0x00000000ebb28010,0x00000000ebb80000)
  to   space 2048K, 0% used [0x00000000eb780000,0x00000000eb780000,0x00000000eb980000)
 ParOldGen       total 68608K, used 52573K [0x00000000c0000000, 0x00000000c4300000, 0x00000000eab00000)
  object space 68608K, 76% used [0x00000000c0000000,0x00000000c33576a8,0x00000000c4300000)
 Metaspace       used 47157K, committed 48448K, reserved 1114112K
  class space    used 4969K, committed 5568K, reserved 1048576K
}
Event: 14.499 GC heap before
{Heap before GC invocations=43 (full 2):
 PSYoungGen      total 14848K, used 14496K [0x00000000eab00000, 0x00000000ebb80000, 0x0000000100000000)
  eden space 12800K, 100% used [0x00000000eab00000,0x00000000eb780000,0x00000000eb780000)
  from space 2048K, 82% used [0x00000000eb980000,0x00000000ebb28010,0x00000000ebb80000)
  to   space 2048K, 0% used [0x00000000eb780000,0x00000000eb780000,0x00000000eb980000)
 ParOldGen       total 68608K, used 52573K [0x00000000c0000000, 0x00000000c4300000, 0x00000000eab00000)
  object space 68608K, 76% used [0x00000000c0000000,0x00000000c33576a8,0x00000000c4300000)
 Metaspace       used 47177K, committed 48448K, reserved 1114112K
  class space    used 4969K, committed 5568K, reserved 1048576K
}
Event: 14.503 GC heap after
{Heap after GC invocations=43 (full 2):
 PSYoungGen      total 14848K, used 1631K [0x00000000eab00000, 0x00000000ebb80000, 0x0000000100000000)
  eden space 12800K, 0% used [0x00000000eab00000,0x00000000eab00000,0x00000000eb780000)
  from space 2048K, 79% used [0x00000000eb780000,0x00000000eb917fb0,0x00000000eb980000)
  to   space 2048K, 0% used [0x00000000eb980000,0x00000000eb980000,0x00000000ebb80000)
 ParOldGen       total 68608K, used 54201K [0x00000000c0000000, 0x00000000c4300000, 0x00000000eab00000)
  object space 68608K, 79% used [0x00000000c0000000,0x00000000c34ee4d8,0x00000000c4300000)
 Metaspace       used 47177K, committed 48448K, reserved 1114112K
  class space    used 4969K, committed 5568K, reserved 1048576K
}
Event: 14.621 GC heap before
{Heap before GC invocations=44 (full 2):
 PSYoungGen      total 14848K, used 14431K [0x00000000eab00000, 0x00000000ebb80000, 0x0000000100000000)
  eden space 12800K, 100% used [0x00000000eab00000,0x00000000eb780000,0x00000000eb780000)
  from space 2048K, 79% used [0x00000000eb780000,0x00000000eb917fb0,0x00000000eb980000)
  to   space 2048K, 0% used [0x00000000eb980000,0x00000000eb980000,0x00000000ebb80000)
 ParOldGen       total 68608K, used 54201K [0x00000000c0000000, 0x00000000c4300000, 0x00000000eab00000)
  object space 68608K, 79% used [0x00000000c0000000,0x00000000c34ee4d8,0x00000000c4300000)
 Metaspace       used 47422K, committed 48640K, reserved 1114112K
  class space    used 4993K, committed 5568K, reserved 1048576K
}
Event: 14.624 GC heap after
{Heap after GC invocations=44 (full 2):
 PSYoungGen      total 14336K, used 1252K [0x00000000eab00000, 0x00000000ebb00000, 0x0000000100000000)
  eden space 12800K, 0% used [0x00000000eab00000,0x00000000eab00000,0x00000000eb780000)
  from space 1536K, 81% used [0x00000000eb980000,0x00000000ebab9378,0x00000000ebb00000)
  to   space 1536K, 0% used [0x00000000eb800000,0x00000000eb800000,0x00000000eb980000)
 ParOldGen       total 68608K, used 55672K [0x00000000c0000000, 0x00000000c4300000, 0x00000000eab00000)
  object space 68608K, 81% used [0x00000000c0000000,0x00000000c365e278,0x00000000c4300000)
 Metaspace       used 47422K, committed 48640K, reserved 1114112K
  class space    used 4993K, committed 5568K, reserved 1048576K
}
Event: 14.815 GC heap before
{Heap before GC invocations=45 (full 2):
 PSYoungGen      total 14336K, used 14046K [0x00000000eab00000, 0x00000000ebb00000, 0x0000000100000000)
  eden space 12800K, 99% used [0x00000000eab00000,0x00000000eb77e708,0x00000000eb780000)
  from space 1536K, 81% used [0x00000000eb980000,0x00000000ebab9378,0x00000000ebb00000)
  to   space 1536K, 0% used [0x00000000eb800000,0x00000000eb800000,0x00000000eb980000)
 ParOldGen       total 68608K, used 55672K [0x00000000c0000000, 0x00000000c4300000, 0x00000000eab00000)
  object space 68608K, 81% used [0x00000000c0000000,0x00000000c365e278,0x00000000c4300000)
 Metaspace       used 47874K, committed 49088K, reserved 1114112K
  class space    used 5034K, committed 5568K, reserved 1048576K
}
Event: 14.819 GC heap after
{Heap after GC invocations=45 (full 2):
 PSYoungGen      total 14336K, used 1514K [0x00000000eab00000, 0x00000000ebb80000, 0x0000000100000000)
  eden space 12800K, 0% used [0x00000000eab00000,0x00000000eab00000,0x00000000eb780000)
  from space 1536K, 98% used [0x00000000eb800000,0x00000000eb97aac8,0x00000000eb980000)
  to   space 2048K, 0% used [0x00000000eb980000,0x00000000eb980000,0x00000000ebb80000)
 ParOldGen       total 68608K, used 57549K [0x00000000c0000000, 0x00000000c4300000, 0x00000000eab00000)
  object space 68608K, 83% used [0x00000000c0000000,0x00000000c3833700,0x00000000c4300000)
 Metaspace       used 47874K, committed 49088K, reserved 1114112K
  class space    used 5034K, committed 5568K, reserved 1048576K
}
Event: 15.027 GC heap before
{Heap before GC invocations=46 (full 2):
 PSYoungGen      total 14336K, used 14314K [0x00000000eab00000, 0x00000000ebb80000, 0x0000000100000000)
  eden space 12800K, 100% used [0x00000000eab00000,0x00000000eb780000,0x00000000eb780000)
  from space 1536K, 98% used [0x00000000eb800000,0x00000000eb97aac8,0x00000000eb980000)
  to   space 2048K, 0% used [0x00000000eb980000,0x00000000eb980000,0x00000000ebb80000)
 ParOldGen       total 68608K, used 57549K [0x00000000c0000000, 0x00000000c4300000, 0x00000000eab00000)
  object space 68608K, 83% used [0x00000000c0000000,0x00000000c3833700,0x00000000c4300000)
 Metaspace       used 48474K, committed 49728K, reserved 1114112K
  class space    used 5095K, committed 5696K, reserved 1048576K
}
Event: 15.030 GC heap after
{Heap after GC invocations=46 (full 2):
 PSYoungGen      total 12800K, used 2041K [0x00000000eab00000, 0x00000000ebf80000, 0x0000000100000000)
  eden space 10752K, 0% used [0x00000000eab00000,0x00000000eab00000,0x00000000eb580000)
  from space 2048K, 99% used [0x00000000eb980000,0x00000000ebb7e7a8,0x00000000ebb80000)
  to   space 4096K, 0% used [0x00000000eb580000,0x00000000eb580000,0x00000000eb980000)
 ParOldGen       total 68608K, used 59016K [0x00000000c0000000, 0x00000000c4300000, 0x00000000eab00000)
  object space 68608K, 86% used [0x00000000c0000000,0x00000000c39a20a0,0x00000000c4300000)
 Metaspace       used 48474K, committed 49728K, reserved 1114112K
  class space    used 5095K, committed 5696K, reserved 1048576K
}
Event: 15.139 GC heap before
{Heap before GC invocations=47 (full 2):
 PSYoungGen      total 12800K, used 12695K [0x00000000eab00000, 0x00000000ebf80000, 0x0000000100000000)
  eden space 10752K, 99% used [0x00000000eab00000,0x00000000eb567800,0x00000000eb580000)
  from space 2048K, 99% used [0x00000000eb980000,0x00000000ebb7e7a8,0x00000000ebb80000)
  to   space 4096K, 0% used [0x00000000eb580000,0x00000000eb580000,0x00000000eb980000)
 ParOldGen       total 68608K, used 59016K [0x00000000c0000000, 0x00000000c4300000, 0x00000000eab00000)
  object space 68608K, 86% used [0x00000000c0000000,0x00000000c39a20a0,0x00000000c4300000)
 Metaspace       used 49064K, committed 50240K, reserved 1114112K
  class space    used 5136K, committed 5696K, reserved 1048576K
}
Event: 15.143 GC heap after
{Heap after GC invocations=47 (full 2):
 PSYoungGen      total 13312K, used 2135K [0x00000000eab00000, 0x00000000ebb80000, 0x0000000100000000)
  eden space 10752K, 0% used [0x00000000eab00000,0x00000000eab00000,0x00000000eb580000)
  from space 2560K, 83% used [0x00000000eb580000,0x00000000eb795d58,0x00000000eb800000)
  to   space 3072K, 0% used [0x00000000eb880000,0x00000000eb880000,0x00000000ebb80000)
 ParOldGen       total 68608K, used 60858K [0x00000000c0000000, 0x00000000c4300000, 0x00000000eab00000)
  object space 68608K, 88% used [0x00000000c0000000,0x00000000c3b6eaa8,0x00000000c4300000)
 Metaspace       used 49064K, committed 50240K, reserved 1114112K
  class space    used 5136K, committed 5696K, reserved 1048576K
}
Event: 15.246 GC heap before
{Heap before GC invocations=48 (full 2):
 PSYoungGen      total 13312K, used 12887K [0x00000000eab00000, 0x00000000ebb80000, 0x0000000100000000)
  eden space 10752K, 100% used [0x00000000eab00000,0x00000000eb580000,0x00000000eb580000)
  from space 2560K, 83% used [0x00000000eb580000,0x00000000eb795d58,0x00000000eb800000)
  to   space 3072K, 0% used [0x00000000eb880000,0x00000000eb880000,0x00000000ebb80000)
 ParOldGen       total 68608K, used 60858K [0x00000000c0000000, 0x00000000c4300000, 0x00000000eab00000)
  object space 68608K, 88% used [0x00000000c0000000,0x00000000c3b6eaa8,0x00000000c4300000)
 Metaspace       used 49747K, committed 50944K, reserved 1114112K
  class space    used 5225K, committed 5760K, reserved 1048576K
}
Event: 15.248 GC heap after
{Heap after GC invocations=48 (full 2):
 PSYoungGen      total 12800K, used 1739K [0x00000000eab00000, 0x00000000eba80000, 0x0000000100000000)
  eden space 10752K, 0% used [0x00000000eab00000,0x00000000eab00000,0x00000000eb580000)
  from space 2048K, 84% used [0x00000000eb880000,0x00000000eba32d48,0x00000000eba80000)
  to   space 2048K, 0% used [0x00000000eb680000,0x00000000eb680000,0x00000000eb880000)
 ParOldGen       total 68608K, used 62818K [0x00000000c0000000, 0x00000000c4300000, 0x00000000eab00000)
  object space 68608K, 91% used [0x00000000c0000000,0x00000000c3d58930,0x00000000c4300000)
 Metaspace       used 49747K, committed 50944K, reserved 1114112K
  class space    used 5225K, committed 5760K, reserved 1048576K
}
Event: 15.350 GC heap before
{Heap before GC invocations=49 (full 2):
 PSYoungGen      total 12800K, used 12491K [0x00000000eab00000, 0x00000000eba80000, 0x0000000100000000)
  eden space 10752K, 100% used [0x00000000eab00000,0x00000000eb580000,0x00000000eb580000)
  from space 2048K, 84% used [0x00000000eb880000,0x00000000eba32d48,0x00000000eba80000)
  to   space 2048K, 0% used [0x00000000eb680000,0x00000000eb680000,0x00000000eb880000)
 ParOldGen       total 68608K, used 62818K [0x00000000c0000000, 0x00000000c4300000, 0x00000000eab00000)
  object space 68608K, 91% used [0x00000000c0000000,0x00000000c3d58930,0x00000000c4300000)
 Metaspace       used 50241K, committed 51456K, reserved 1114112K
  class space    used 5274K, committed 5824K, reserved 1048576K
}
Event: 15.352 GC heap after
{Heap after GC invocations=49 (full 2):
 PSYoungGen      total 12800K, used 1708K [0x00000000eab00000, 0x00000000eb980000, 0x0000000100000000)
  eden space 10752K, 0% used [0x00000000eab00000,0x00000000eab00000,0x00000000eb580000)
  from space 2048K, 83% used [0x00000000eb680000,0x00000000eb82b208,0x00000000eb880000)
  to   space 1024K, 0% used [0x00000000eb880000,0x00000000eb880000,0x00000000eb980000)
 ParOldGen       total 68608K, used 64385K [0x00000000c0000000, 0x00000000c4300000, 0x00000000eab00000)
  object space 68608K, 93% used [0x00000000c0000000,0x00000000c3ee07c8,0x00000000c4300000)
 Metaspace       used 50241K, committed 51456K, reserved 1114112K
  class space    used 5274K, committed 5824K, reserved 1048576K
}
Event: 15.485 GC heap before
{Heap before GC invocations=50 (full 2):
 PSYoungGen      total 12800K, used 12460K [0x00000000eab00000, 0x00000000eb980000, 0x0000000100000000)
  eden space 10752K, 100% used [0x00000000eab00000,0x00000000eb580000,0x00000000eb580000)
  from space 2048K, 83% used [0x00000000eb680000,0x00000000eb82b208,0x00000000eb880000)
  to   space 1024K, 0% used [0x00000000eb880000,0x00000000eb880000,0x00000000eb980000)
 ParOldGen       total 68608K, used 64385K [0x00000000c0000000, 0x00000000c4300000, 0x00000000eab00000)
  object space 68608K, 93% used [0x00000000c0000000,0x00000000c3ee07c8,0x00000000c4300000)
 Metaspace       used 50523K, committed 51776K, reserved 1114112K
  class space    used 5308K, committed 5888K, reserved 1048576K
}
Event: 16.506 GC heap after
{Heap after GC invocations=50 (full 2):
 PSYoungGen      total 10752K, used 1018K [0x00000000eab00000, 0x00000000ebd80000, 0x0000000100000000)
  eden space 9728K, 0% used [0x00000000eab00000,0x00000000eab00000,0x00000000eb480000)
  from space 1024K, 99% used [0x00000000eb880000,0x00000000eb97ead8,0x00000000eb980000)
  to   space 4096K, 0% used [0x00000000eb480000,0x00000000eb480000,0x00000000eb880000)
 ParOldGen       total 68608K, used 66968K [0x00000000c0000000, 0x00000000c4300000, 0x00000000eab00000)
  object space 68608K, 97% used [0x00000000c0000000,0x00000000c41663a8,0x00000000c4300000)
 Metaspace       used 50523K, committed 51776K, reserved 1114112K
  class space    used 5308K, committed 5888K, reserved 1048576K
}

