# JRE version: OpenJDK Runtime Environment Temurin-21.0.6+7 (21.0.6+7) (build 21.0.6+7-LTS)
# Java VM: OpenJDK 64-Bit Server VM Temurin-21.0.6+7 (21.0.6+7-LTS, mixed mode, sharing, tiered, compressed oops, compressed class ptrs, parallel gc, windows-amd64)
GC Precious Log:
 CardTable entry size: 512
 CPUs: 8 total, 8 available
 Memory: 7937M
 Large Page Support: Disabled
 NUMA Support: Disabled
 Compressed Oops: Enabled (32-bit)
 Alignments: Space 512K, Generation 512K, Heap 2M
 Heap Min Capacity: 100M
 Heap Initial Capacity: 100M
 Heap Max Capacity: 1G
 Pre-touch: Disabled
 Parallel Workers: 8
Heap:
 PSYoungGen      total 5120K, used 2413K [0x00000000eab00000, 0x00000000eb200000, 0x0000000100000000)
  eden space 4096K, 35% used [0x00000000eab00000,0x00000000eac70618,0x00000000eaf00000)
  from space 1024K, 91% used [0x00000000eaf00000,0x00000000eafeb1c0,0x00000000eb000000)
  to   space 1536K, 0% used [0x00000000eb080000,0x00000000eb080000,0x00000000eb200000)
 ParOldGen       total 220672K, used 199984K [0x00000000c0000000, 0x00000000cd780000, 0x00000000eab00000)
  object space 220672K, 90% used [0x00000000c0000000,0x00000000cc34c068,0x00000000cd780000)
 Metaspace       used 61549K, committed 62848K, reserved 1114112K
  class space    used 6240K, committed 6784K, reserved 1048576K
GC Heap History (20 events):
Event: 94.952 GC heap before
{Heap before GC invocations=430 (full 4):
 PSYoungGen      total 6144K, used 6136K [0x00000000eab00000, 0x00000000eb700000, 0x0000000100000000)
  eden space 4096K, 100% used [0x00000000eab00000,0x00000000eaf00000,0x00000000eaf00000)
  from space 2048K, 99% used [0x00000000eb000000,0x00000000eb1fe3e0,0x00000000eb200000)
  to   space 4096K, 0% used [0x00000000eb300000,0x00000000eb300000,0x00000000eb700000)
 ParOldGen       total 220672K, used 194365K [0x00000000c0000000, 0x00000000cd780000, 0x00000000eab00000)
  object space 220672K, 88% used [0x00000000c0000000,0x00000000cbdcf6a0,0x00000000cd780000)
 Metaspace       used 61413K, committed 62720K, reserved 1114112K
  class space    used 6228K, committed 6784K, reserved 1048576K
}
Event: 94.957 GC heap after
{Heap after GC invocations=430 (full 4):
 PSYoungGen      total 6144K, used 1594K [0x00000000eab00000, 0x00000000eb500000, 0x0000000100000000)
  eden space 4096K, 0% used [0x00000000eab00000,0x00000000eab00000,0x00000000eaf00000)
  from space 2048K, 77% used [0x00000000eb300000,0x00000000eb48eb10,0x00000000eb500000)
  to   space 2560K, 0% used [0x00000000eb000000,0x00000000eb000000,0x00000000eb280000)
 ParOldGen       total 220672K, used 196439K [0x00000000c0000000, 0x00000000cd780000, 0x00000000eab00000)
  object space 220672K, 89% used [0x00000000c0000000,0x00000000cbfd5fc0,0x00000000cd780000)
 Metaspace       used 61413K, committed 62720K, reserved 1114112K
  class space    used 6228K, committed 6784K, reserved 1048576K
}
Event: 95.203 GC heap before
{Heap before GC invocations=431 (full 4):
 PSYoungGen      total 6144K, used 5690K [0x00000000eab00000, 0x00000000eb500000, 0x0000000100000000)
  eden space 4096K, 100% used [0x00000000eab00000,0x00000000eaf00000,0x00000000eaf00000)
  from space 2048K, 77% used [0x00000000eb300000,0x00000000eb48eb10,0x00000000eb500000)
  to   space 2560K, 0% used [0x00000000eb000000,0x00000000eb000000,0x00000000eb280000)
 ParOldGen       total 220672K, used 196439K [0x00000000c0000000, 0x00000000cd780000, 0x00000000eab00000)
  object space 220672K, 89% used [0x00000000c0000000,0x00000000cbfd5fc0,0x00000000cd780000)
 Metaspace       used 61443K, committed 62784K, reserved 1114112K
  class space    used 6228K, committed 6784K, reserved 1048576K
}
Event: 95.206 GC heap after
{Heap after GC invocations=431 (full 4):
 PSYoungGen      total 6656K, used 2380K [0x00000000eab00000, 0x00000000eb400000, 0x0000000100000000)
  eden space 4096K, 0% used [0x00000000eab00000,0x00000000eab00000,0x00000000eaf00000)
  from space 2560K, 93% used [0x00000000eb000000,0x00000000eb253348,0x00000000eb280000)
  to   space 1536K, 0% used [0x00000000eb280000,0x00000000eb280000,0x00000000eb400000)
 ParOldGen       total 220672K, used 196439K [0x00000000c0000000, 0x00000000cd780000, 0x00000000eab00000)
  object space 220672K, 89% used [0x00000000c0000000,0x00000000cbfd5fc0,0x00000000cd780000)
 Metaspace       used 61443K, committed 62784K, reserved 1114112K
  class space    used 6228K, committed 6784K, reserved 1048576K
}
Event: 95.509 GC heap before
{Heap before GC invocations=432 (full 4):
 PSYoungGen      total 6656K, used 6476K [0x00000000eab00000, 0x00000000eb400000, 0x0000000100000000)
  eden space 4096K, 100% used [0x00000000eab00000,0x00000000eaf00000,0x00000000eaf00000)
  from space 2560K, 93% used [0x00000000eb000000,0x00000000eb253348,0x00000000eb280000)
  to   space 1536K, 0% used [0x00000000eb280000,0x00000000eb280000,0x00000000eb400000)
 ParOldGen       total 220672K, used 196439K [0x00000000c0000000, 0x00000000cd780000, 0x00000000eab00000)
  object space 220672K, 89% used [0x00000000c0000000,0x00000000cbfd5fc0,0x00000000cd780000)
 Metaspace       used 61463K, committed 62784K, reserved 1114112K
  class space    used 6229K, committed 6784K, reserved 1048576K
}
Event: 95.512 GC heap after
{Heap after GC invocations=432 (full 4):
 PSYoungGen      total 5632K, used 1529K [0x00000000eab00000, 0x00000000eb400000, 0x0000000100000000)
  eden space 4096K, 0% used [0x00000000eab00000,0x00000000eab00000,0x00000000eaf00000)
  from space 1536K, 99% used [0x00000000eb280000,0x00000000eb3fe648,0x00000000eb400000)
  to   space 2560K, 0% used [0x00000000eaf00000,0x00000000eaf00000,0x00000000eb180000)
 ParOldGen       total 220672K, used 196951K [0x00000000c0000000, 0x00000000cd780000, 0x00000000eab00000)
  object space 220672K, 89% used [0x00000000c0000000,0x00000000cc055cf0,0x00000000cd780000)
 Metaspace       used 61463K, committed 62784K, reserved 1114112K
  class space    used 6229K, committed 6784K, reserved 1048576K
}
Event: 95.846 GC heap before
{Heap before GC invocations=433 (full 4):
 PSYoungGen      total 5632K, used 5552K [0x00000000eab00000, 0x00000000eb400000, 0x0000000100000000)
  eden space 4096K, 98% used [0x00000000eab00000,0x00000000eaeedc80,0x00000000eaf00000)
  from space 1536K, 99% used [0x00000000eb280000,0x00000000eb3fe648,0x00000000eb400000)
  to   space 2560K, 0% used [0x00000000eaf00000,0x00000000eaf00000,0x00000000eb180000)
 ParOldGen       total 220672K, used 196951K [0x00000000c0000000, 0x00000000cd780000, 0x00000000eab00000)
  object space 220672K, 89% used [0x00000000c0000000,0x00000000cc055cf0,0x00000000cd780000)
 Metaspace       used 61465K, committed 62784K, reserved 1114112K
  class space    used 6229K, committed 6784K, reserved 1048576K
}
Event: 95.850 GC heap after
{Heap after GC invocations=433 (full 4):
 PSYoungGen      total 6656K, used 604K [0x00000000eab00000, 0x00000000eb300000, 0x0000000100000000)
  eden space 4096K, 0% used [0x00000000eab00000,0x00000000eab00000,0x00000000eaf00000)
  from space 2560K, 23% used [0x00000000eaf00000,0x00000000eaf971b0,0x00000000eb180000)
  to   space 1536K, 0% used [0x00000000eb180000,0x00000000eb180000,0x00000000eb300000)
 ParOldGen       total 220672K, used 198403K [0x00000000c0000000, 0x00000000cd780000, 0x00000000eab00000)
  object space 220672K, 89% used [0x00000000c0000000,0x00000000cc1c0f78,0x00000000cd780000)
 Metaspace       used 61465K, committed 62784K, reserved 1114112K
  class space    used 6229K, committed 6784K, reserved 1048576K
}
Event: 96.234 GC heap before
{Heap before GC invocations=434 (full 4):
 PSYoungGen      total 6656K, used 4700K [0x00000000eab00000, 0x00000000eb300000, 0x0000000100000000)
  eden space 4096K, 100% used [0x00000000eab00000,0x00000000eaf00000,0x00000000eaf00000)
  from space 2560K, 23% used [0x00000000eaf00000,0x00000000eaf971b0,0x00000000eb180000)
  to   space 1536K, 0% used [0x00000000eb180000,0x00000000eb180000,0x00000000eb300000)
 ParOldGen       total 220672K, used 198403K [0x00000000c0000000, 0x00000000cd780000, 0x00000000eab00000)
  object space 220672K, 89% used [0x00000000c0000000,0x00000000cc1c0f78,0x00000000cd780000)
 Metaspace       used 61483K, committed 62784K, reserved 1114112K
  class space    used 6234K, committed 6784K, reserved 1048576K
}
Event: 96.237 GC heap after
{Heap after GC invocations=434 (full 4):
 PSYoungGen      total 5632K, used 1293K [0x00000000eab00000, 0x00000000eb300000, 0x0000000100000000)
  eden space 4096K, 0% used [0x00000000eab00000,0x00000000eab00000,0x00000000eaf00000)
  from space 1536K, 84% used [0x00000000eb180000,0x00000000eb2c3750,0x00000000eb300000)
  to   space 1536K, 0% used [0x00000000eb000000,0x00000000eb000000,0x00000000eb180000)
 ParOldGen       total 220672K, used 198403K [0x00000000c0000000, 0x00000000cd780000, 0x00000000eab00000)
  object space 220672K, 89% used [0x00000000c0000000,0x00000000cc1c0f78,0x00000000cd780000)
 Metaspace       used 61483K, committed 62784K, reserved 1114112K
  class space    used 6234K, committed 6784K, reserved 1048576K
}
Event: 96.395 GC heap before
{Heap before GC invocations=435 (full 4):
 PSYoungGen      total 5632K, used 5384K [0x00000000eab00000, 0x00000000eb300000, 0x0000000100000000)
  eden space 4096K, 99% used [0x00000000eab00000,0x00000000eaefea88,0x00000000eaf00000)
  from space 1536K, 84% used [0x00000000eb180000,0x00000000eb2c3750,0x00000000eb300000)
  to   space 1536K, 0% used [0x00000000eb000000,0x00000000eb000000,0x00000000eb180000)
 ParOldGen       total 220672K, used 198403K [0x00000000c0000000, 0x00000000cd780000, 0x00000000eab00000)
  object space 220672K, 89% used [0x00000000c0000000,0x00000000cc1c0f78,0x00000000cd780000)
 Metaspace       used 61534K, committed 62848K, reserved 1114112K
  class space    used 6239K, committed 6784K, reserved 1048576K
}
Event: 96.398 GC heap after
{Heap after GC invocations=435 (full 4):
 PSYoungGen      total 5632K, used 1485K [0x00000000eab00000, 0x00000000eb300000, 0x0000000100000000)
  eden space 4096K, 0% used [0x00000000eab00000,0x00000000eab00000,0x00000000eaf00000)
  from space 1536K, 96% used [0x00000000eb000000,0x00000000eb173750,0x00000000eb180000)
  to   space 1536K, 0% used [0x00000000eb180000,0x00000000eb180000,0x00000000eb300000)
 ParOldGen       total 220672K, used 198403K [0x00000000c0000000, 0x00000000cd780000, 0x00000000eab00000)
  object space 220672K, 89% used [0x00000000c0000000,0x00000000cc1c0f78,0x00000000cd780000)
 Metaspace       used 61534K, committed 62848K, reserved 1114112K
  class space    used 6239K, committed 6784K, reserved 1048576K
}
Event: 96.580 GC heap before
{Heap before GC invocations=436 (full 4):
 PSYoungGen      total 5632K, used 5581K [0x00000000eab00000, 0x00000000eb300000, 0x0000000100000000)
  eden space 4096K, 100% used [0x00000000eab00000,0x00000000eaf00000,0x00000000eaf00000)
  from space 1536K, 96% used [0x00000000eb000000,0x00000000eb173750,0x00000000eb180000)
  to   space 1536K, 0% used [0x00000000eb180000,0x00000000eb180000,0x00000000eb300000)
 ParOldGen       total 220672K, used 198403K [0x00000000c0000000, 0x00000000cd780000, 0x00000000eab00000)
  object space 220672K, 89% used [0x00000000c0000000,0x00000000cc1c0f78,0x00000000cd780000)
 Metaspace       used 61541K, committed 62848K, reserved 1114112K
  class space    used 6240K, committed 6784K, reserved 1048576K
}
Event: 96.583 GC heap after
{Heap after GC invocations=436 (full 4):
 PSYoungGen      total 5632K, used 1301K [0x00000000eab00000, 0x00000000eb300000, 0x0000000100000000)
  eden space 4096K, 0% used [0x00000000eab00000,0x00000000eab00000,0x00000000eaf00000)
  from space 1536K, 84% used [0x00000000eb180000,0x00000000eb2c5578,0x00000000eb300000)
  to   space 1536K, 0% used [0x00000000eb000000,0x00000000eb000000,0x00000000eb180000)
 ParOldGen       total 220672K, used 198403K [0x00000000c0000000, 0x00000000cd780000, 0x00000000eab00000)
  object space 220672K, 89% used [0x00000000c0000000,0x00000000cc1c0f78,0x00000000cd780000)
 Metaspace       used 61541K, committed 62848K, reserved 1114112K
  class space    used 6240K, committed 6784K, reserved 1048576K
}
Event: 96.735 GC heap before
{Heap before GC invocations=437 (full 4):
 PSYoungGen      total 5632K, used 5397K [0x00000000eab00000, 0x00000000eb300000, 0x0000000100000000)
  eden space 4096K, 100% used [0x00000000eab00000,0x00000000eaf00000,0x00000000eaf00000)
  from space 1536K, 84% used [0x00000000eb180000,0x00000000eb2c5578,0x00000000eb300000)
  to   space 1536K, 0% used [0x00000000eb000000,0x00000000eb000000,0x00000000eb180000)
 ParOldGen       total 220672K, used 198403K [0x00000000c0000000, 0x00000000cd780000, 0x00000000eab00000)
  object space 220672K, 89% used [0x00000000c0000000,0x00000000cc1c0f78,0x00000000cd780000)
 Metaspace       used 61543K, committed 62848K, reserved 1114112K
  class space    used 6240K, committed 6784K, reserved 1048576K
}
Event: 96.739 GC heap after
{Heap after GC invocations=437 (full 4):
 PSYoungGen      total 5632K, used 1509K [0x00000000eab00000, 0x00000000eb300000, 0x0000000100000000)
  eden space 4096K, 0% used [0x00000000eab00000,0x00000000eab00000,0x00000000eaf00000)
  from space 1536K, 98% used [0x00000000eb000000,0x00000000eb179758,0x00000000eb180000)
  to   space 1536K, 0% used [0x00000000eb180000,0x00000000eb180000,0x00000000eb300000)
 ParOldGen       total 220672K, used 198586K [0x00000000c0000000, 0x00000000cd780000, 0x00000000eab00000)
  object space 220672K, 89% used [0x00000000c0000000,0x00000000cc1eea20,0x00000000cd780000)
 Metaspace       used 61543K, committed 62848K, reserved 1114112K
  class space    used 6240K, committed 6784K, reserved 1048576K
}
Event: 96.989 GC heap before
{Heap before GC invocations=438 (full 4):
 PSYoungGen      total 5632K, used 5605K [0x00000000eab00000, 0x00000000eb300000, 0x0000000100000000)
  eden space 4096K, 100% used [0x00000000eab00000,0x00000000eaf00000,0x00000000eaf00000)
  from space 1536K, 98% used [0x00000000eb000000,0x00000000eb179758,0x00000000eb180000)
  to   space 1536K, 0% used [0x00000000eb180000,0x00000000eb180000,0x00000000eb300000)
 ParOldGen       total 220672K, used 198586K [0x00000000c0000000, 0x00000000cd780000, 0x00000000eab00000)
  object space 220672K, 89% used [0x00000000c0000000,0x00000000cc1eea20,0x00000000cd780000)
 Metaspace       used 61543K, committed 62848K, reserved 1114112K
  class space    used 6240K, committed 6784K, reserved 1048576K
}
Event: 96.992 GC heap after
{Heap after GC invocations=438 (full 4):
 PSYoungGen      total 5632K, used 1530K [0x00000000eab00000, 0x00000000eb300000, 0x0000000100000000)
  eden space 4096K, 0% used [0x00000000eab00000,0x00000000eab00000,0x00000000eaf00000)
  from space 1536K, 99% used [0x00000000eb180000,0x00000000eb2fe910,0x00000000eb300000)
  to   space 2048K, 0% used [0x00000000eaf00000,0x00000000eaf00000,0x00000000eb100000)
 ParOldGen       total 220672K, used 198987K [0x00000000c0000000, 0x00000000cd780000, 0x00000000eab00000)
  object space 220672K, 90% used [0x00000000c0000000,0x00000000cc252e30,0x00000000cd780000)
 Metaspace       used 61543K, committed 62848K, reserved 1114112K
  class space    used 6240K, committed 6784K, reserved 1048576K
}
Event: 97.830 GC heap before
{Heap before GC invocations=439 (full 4):
 PSYoungGen      total 5632K, used 5626K [0x00000000eab00000, 0x00000000eb300000, 0x0000000100000000)
  eden space 4096K, 100% used [0x00000000eab00000,0x00000000eaf00000,0x00000000eaf00000)
  from space 1536K, 99% used [0x00000000eb180000,0x00000000eb2fe910,0x00000000eb300000)
  to   space 2048K, 0% used [0x00000000eaf00000,0x00000000eaf00000,0x00000000eb100000)
 ParOldGen       total 220672K, used 199697K [0x00000000c0000000, 0x00000000cd780000, 0x00000000eab00000)
  object space 220672K, 90% used [0x00000000c0000000,0x00000000cc3047a8,0x00000000cd780000)
 Metaspace       used 61543K, committed 62848K, reserved 1114112K
  class space    used 6240K, committed 6784K, reserved 1048576K
}
Event: 97.832 GC heap after
{Heap after GC invocations=439 (full 4):
 PSYoungGen      total 5120K, used 940K [0x00000000eab00000, 0x00000000eb200000, 0x0000000100000000)
  eden space 4096K, 0% used [0x00000000eab00000,0x00000000eab00000,0x00000000eaf00000)
  from space 1024K, 91% used [0x00000000eaf00000,0x00000000eafeb1c0,0x00000000eb000000)
  to   space 1536K, 0% used [0x00000000eb080000,0x00000000eb080000,0x00000000eb200000)
 ParOldGen       total 220672K, used 199984K [0x00000000c0000000, 0x00000000cd780000, 0x00000000eab00000)
  object space 220672K, 90% used [0x00000000c0000000,0x00000000cc34c068,0x00000000cd780000)
 Metaspace       used 61543K, committed 62848K, reserved 1114112K
  class space    used 6240K, committed 6784K, reserved 1048576K
}

