# JRE version: OpenJDK Runtime Environment Temurin-21.0.6+7 (21.0.6+7) (build 21.0.6+7-LTS)
# Java VM: OpenJDK 64-Bit Server VM Temurin-21.0.6+7 (21.0.6+7-LTS, mixed mode, sharing, tiered, compressed oops, compressed class ptrs, parallel gc, windows-amd64)
GC Precious Log:
 CardTable entry size: 512
 CPUs: 8 total, 8 available
 Memory: 7937M
 Large Page Support: Disabled
 NUMA Support: Disabled
 Compressed Oops: Enabled (32-bit)
 Alignments: Space 512K, Generation 512K, Heap 2M
 Heap Min Capacity: 100M
 Heap Initial Capacity: 100M
 Heap Max Capacity: 1G
 Pre-touch: Disabled
 Parallel Workers: 8
Heap:
 PSYoungGen      total 5120K, used 4839K [0x00000000eab00000, 0x00000000eb200000, 0x0000000100000000)
  eden space 4096K, 96% used [0x00000000eab00000,0x00000000eaedd430,0x00000000eaf00000)
  from space 1024K, 86% used [0x00000000eaf00000,0x00000000eafdca90,0x00000000eb000000)
  to   space 1024K, 0% used [0x00000000eb100000,0x00000000eb100000,0x00000000eb200000)
 ParOldGen       total 177664K, used 177282K [0x00000000c0000000, 0x00000000cad80000, 0x00000000eab00000)
  object space 177664K, 99% used [0x00000000c0000000,0x00000000cad20b00,0x00000000cad80000)
 Metaspace       used 61907K, committed 63168K, reserved 1114112K
  class space    used 6350K, committed 6912K, reserved 1048576K
GC Heap History (20 events):
Event: 34.590 GC heap after
{Heap after GC invocations=185 (full 3):
 PSYoungGen      total 2560K, used 867K [0x00000000eab00000, 0x00000000eaf00000, 0x0000000100000000)
  eden space 1536K, 0% used [0x00000000eab00000,0x00000000eab00000,0x00000000eac80000)
  from space 1024K, 84% used [0x00000000ead80000,0x00000000eae58cf0,0x00000000eae80000)
  to   space 1024K, 0% used [0x00000000eac80000,0x00000000eac80000,0x00000000ead80000)
 ParOldGen       total 168448K, used 168440K [0x00000000c0000000, 0x00000000ca480000, 0x00000000eab00000)
  object space 168448K, 99% used [0x00000000c0000000,0x00000000ca47e030,0x00000000ca480000)
 Metaspace       used 61475K, committed 62720K, reserved 1114112K
  class space    used 6331K, committed 6912K, reserved 1048576K
}
Event: 34.595 GC heap before
{Heap before GC invocations=186 (full 3):
 PSYoungGen      total 2560K, used 2403K [0x00000000eab00000, 0x00000000eaf00000, 0x0000000100000000)
  eden space 1536K, 100% used [0x00000000eab00000,0x00000000eac80000,0x00000000eac80000)
  from space 1024K, 84% used [0x00000000ead80000,0x00000000eae58cf0,0x00000000eae80000)
  to   space 1024K, 0% used [0x00000000eac80000,0x00000000eac80000,0x00000000ead80000)
 ParOldGen       total 168448K, used 168440K [0x00000000c0000000, 0x00000000ca480000, 0x00000000eab00000)
  object space 168448K, 99% used [0x00000000c0000000,0x00000000ca47e030,0x00000000ca480000)
 Metaspace       used 61494K, committed 62720K, reserved 1114112K
  class space    used 6331K, committed 6912K, reserved 1048576K
}
Event: 34.598 GC heap after
{Heap after GC invocations=186 (full 3):
 PSYoungGen      total 2560K, used 1024K [0x00000000eab00000, 0x00000000eb200000, 0x0000000100000000)
  eden space 1536K, 0% used [0x00000000eab00000,0x00000000eab00000,0x00000000eac80000)
  from space 1024K, 100% used [0x00000000eac80000,0x00000000ead80000,0x00000000ead80000)
  to   space 2560K, 0% used [0x00000000eaf80000,0x00000000eaf80000,0x00000000eb200000)
 ParOldGen       total 169472K, used 169300K [0x00000000c0000000, 0x00000000ca580000, 0x00000000eab00000)
  object space 169472K, 99% used [0x00000000c0000000,0x00000000ca555240,0x00000000ca580000)
 Metaspace       used 61494K, committed 62720K, reserved 1114112K
  class space    used 6331K, committed 6912K, reserved 1048576K
}
Event: 34.609 GC heap before
{Heap before GC invocations=187 (full 3):
 PSYoungGen      total 2560K, used 2560K [0x00000000eab00000, 0x00000000eb200000, 0x0000000100000000)
  eden space 1536K, 100% used [0x00000000eab00000,0x00000000eac80000,0x00000000eac80000)
  from space 1024K, 100% used [0x00000000eac80000,0x00000000ead80000,0x00000000ead80000)
  to   space 2560K, 0% used [0x00000000eaf80000,0x00000000eaf80000,0x00000000eb200000)
 ParOldGen       total 169472K, used 169300K [0x00000000c0000000, 0x00000000ca580000, 0x00000000eab00000)
  object space 169472K, 99% used [0x00000000c0000000,0x00000000ca555240,0x00000000ca580000)
 Metaspace       used 61503K, committed 62720K, reserved 1114112K
  class space    used 6331K, committed 6912K, reserved 1048576K
}
Event: 34.612 GC heap after
{Heap after GC invocations=187 (full 3):
 PSYoungGen      total 3072K, used 893K [0x00000000eab00000, 0x00000000eb080000, 0x0000000100000000)
  eden space 2048K, 0% used [0x00000000eab00000,0x00000000eab00000,0x00000000ead00000)
  from space 1024K, 87% used [0x00000000eaf80000,0x00000000eb05f490,0x00000000eb080000)
  to   space 1536K, 0% used [0x00000000ead80000,0x00000000ead80000,0x00000000eaf00000)
 ParOldGen       total 170496K, used 170329K [0x00000000c0000000, 0x00000000ca680000, 0x00000000eab00000)
  object space 170496K, 99% used [0x00000000c0000000,0x00000000ca656428,0x00000000ca680000)
 Metaspace       used 61503K, committed 62720K, reserved 1114112K
  class space    used 6331K, committed 6912K, reserved 1048576K
}
Event: 34.632 GC heap before
{Heap before GC invocations=188 (full 3):
 PSYoungGen      total 3072K, used 2941K [0x00000000eab00000, 0x00000000eb080000, 0x0000000100000000)
  eden space 2048K, 100% used [0x00000000eab00000,0x00000000ead00000,0x00000000ead00000)
  from space 1024K, 87% used [0x00000000eaf80000,0x00000000eb05f490,0x00000000eb080000)
  to   space 1536K, 0% used [0x00000000ead80000,0x00000000ead80000,0x00000000eaf00000)
 ParOldGen       total 170496K, used 170329K [0x00000000c0000000, 0x00000000ca680000, 0x00000000eab00000)
  object space 170496K, 99% used [0x00000000c0000000,0x00000000ca656428,0x00000000ca680000)
 Metaspace       used 61533K, committed 62784K, reserved 1114112K
  class space    used 6332K, committed 6912K, reserved 1048576K
}
Event: 34.635 GC heap after
{Heap after GC invocations=188 (full 3):
 PSYoungGen      total 4096K, used 581K [0x00000000eab00000, 0x00000000eb000000, 0x0000000100000000)
  eden space 2560K, 0% used [0x00000000eab00000,0x00000000eab00000,0x00000000ead80000)
  from space 1536K, 37% used [0x00000000ead80000,0x00000000eae115d0,0x00000000eaf00000)
  to   space 1024K, 0% used [0x00000000eaf00000,0x00000000eaf00000,0x00000000eb000000)
 ParOldGen       total 171520K, used 171063K [0x00000000c0000000, 0x00000000ca780000, 0x00000000eab00000)
  object space 171520K, 99% used [0x00000000c0000000,0x00000000ca70dd70,0x00000000ca780000)
 Metaspace       used 61533K, committed 62784K, reserved 1114112K
  class space    used 6332K, committed 6912K, reserved 1048576K
}
Event: 34.656 GC heap before
{Heap before GC invocations=189 (full 3):
 PSYoungGen      total 4096K, used 3141K [0x00000000eab00000, 0x00000000eb000000, 0x0000000100000000)
  eden space 2560K, 100% used [0x00000000eab00000,0x00000000ead80000,0x00000000ead80000)
  from space 1536K, 37% used [0x00000000ead80000,0x00000000eae115d0,0x00000000eaf00000)
  to   space 1024K, 0% used [0x00000000eaf00000,0x00000000eaf00000,0x00000000eb000000)
 ParOldGen       total 171520K, used 171063K [0x00000000c0000000, 0x00000000ca780000, 0x00000000eab00000)
  object space 171520K, 99% used [0x00000000c0000000,0x00000000ca70dd70,0x00000000ca780000)
 Metaspace       used 61558K, committed 62784K, reserved 1114112K
  class space    used 6333K, committed 6912K, reserved 1048576K
}
Event: 34.661 GC heap after
{Heap after GC invocations=189 (full 3):
 PSYoungGen      total 4096K, used 698K [0x00000000eab00000, 0x00000000eb000000, 0x0000000100000000)
  eden space 3072K, 0% used [0x00000000eab00000,0x00000000eab00000,0x00000000eae00000)
  from space 1024K, 68% used [0x00000000eaf00000,0x00000000eafaea40,0x00000000eb000000)
  to   space 1024K, 0% used [0x00000000eae00000,0x00000000eae00000,0x00000000eaf00000)
 ParOldGen       total 171520K, used 171511K [0x00000000c0000000, 0x00000000ca780000, 0x00000000eab00000)
  object space 171520K, 99% used [0x00000000c0000000,0x00000000ca77de88,0x00000000ca780000)
 Metaspace       used 61558K, committed 62784K, reserved 1114112K
  class space    used 6333K, committed 6912K, reserved 1048576K
}
Event: 34.712 GC heap before
{Heap before GC invocations=190 (full 3):
 PSYoungGen      total 4096K, used 3770K [0x00000000eab00000, 0x00000000eb000000, 0x0000000100000000)
  eden space 3072K, 100% used [0x00000000eab00000,0x00000000eae00000,0x00000000eae00000)
  from space 1024K, 68% used [0x00000000eaf00000,0x00000000eafaea40,0x00000000eb000000)
  to   space 1024K, 0% used [0x00000000eae00000,0x00000000eae00000,0x00000000eaf00000)
 ParOldGen       total 171520K, used 171511K [0x00000000c0000000, 0x00000000ca780000, 0x00000000eab00000)
  object space 171520K, 99% used [0x00000000c0000000,0x00000000ca77de88,0x00000000ca780000)
 Metaspace       used 61586K, committed 62848K, reserved 1114112K
  class space    used 6333K, committed 6912K, reserved 1048576K
}
Event: 34.715 GC heap after
{Heap after GC invocations=190 (full 3):
 PSYoungGen      total 4096K, used 768K [0x00000000eab00000, 0x00000000eb000000, 0x0000000100000000)
  eden space 3072K, 0% used [0x00000000eab00000,0x00000000eab00000,0x00000000eae00000)
  from space 1024K, 75% used [0x00000000eae00000,0x00000000eaec0000,0x00000000eaf00000)
  to   space 1024K, 0% used [0x00000000eaf00000,0x00000000eaf00000,0x00000000eb000000)
 ParOldGen       total 172544K, used 172073K [0x00000000c0000000, 0x00000000ca880000, 0x00000000eab00000)
  object space 172544K, 99% used [0x00000000c0000000,0x00000000ca80a558,0x00000000ca880000)
 Metaspace       used 61586K, committed 62848K, reserved 1114112K
  class space    used 6333K, committed 6912K, reserved 1048576K
}
Event: 34.740 GC heap before
{Heap before GC invocations=191 (full 3):
 PSYoungGen      total 4096K, used 3831K [0x00000000eab00000, 0x00000000eb000000, 0x0000000100000000)
  eden space 3072K, 99% used [0x00000000eab00000,0x00000000eadfdcb8,0x00000000eae00000)
  from space 1024K, 75% used [0x00000000eae00000,0x00000000eaec0000,0x00000000eaf00000)
  to   space 1024K, 0% used [0x00000000eaf00000,0x00000000eaf00000,0x00000000eb000000)
 ParOldGen       total 172544K, used 172073K [0x00000000c0000000, 0x00000000ca880000, 0x00000000eab00000)
  object space 172544K, 99% used [0x00000000c0000000,0x00000000ca80a558,0x00000000ca880000)
 Metaspace       used 61600K, committed 62848K, reserved 1114112K
  class space    used 6333K, committed 6912K, reserved 1048576K
}
Event: 34.742 GC heap after
{Heap after GC invocations=191 (full 3):
 PSYoungGen      total 4096K, used 710K [0x00000000eab00000, 0x00000000eb000000, 0x0000000100000000)
  eden space 3072K, 0% used [0x00000000eab00000,0x00000000eab00000,0x00000000eae00000)
  from space 1024K, 69% used [0x00000000eaf00000,0x00000000eafb1a28,0x00000000eb000000)
  to   space 1024K, 0% used [0x00000000eae00000,0x00000000eae00000,0x00000000eaf00000)
 ParOldGen       total 173056K, used 172742K [0x00000000c0000000, 0x00000000ca900000, 0x00000000eab00000)
  object space 173056K, 99% used [0x00000000c0000000,0x00000000ca8b1a00,0x00000000ca900000)
 Metaspace       used 61600K, committed 62848K, reserved 1114112K
  class space    used 6333K, committed 6912K, reserved 1048576K
}
Event: 34.776 GC heap before
{Heap before GC invocations=192 (full 3):
 PSYoungGen      total 4096K, used 3764K [0x00000000eab00000, 0x00000000eb000000, 0x0000000100000000)
  eden space 3072K, 99% used [0x00000000eab00000,0x00000000eadfb7e8,0x00000000eae00000)
  from space 1024K, 69% used [0x00000000eaf00000,0x00000000eafb1a28,0x00000000eb000000)
  to   space 1024K, 0% used [0x00000000eae00000,0x00000000eae00000,0x00000000eaf00000)
 ParOldGen       total 173056K, used 172742K [0x00000000c0000000, 0x00000000ca900000, 0x00000000eab00000)
  object space 173056K, 99% used [0x00000000c0000000,0x00000000ca8b1a00,0x00000000ca900000)
 Metaspace       used 61657K, committed 62912K, reserved 1114112K
  class space    used 6333K, committed 6912K, reserved 1048576K
}
Event: 34.779 GC heap after
{Heap after GC invocations=192 (full 3):
 PSYoungGen      total 4096K, used 685K [0x00000000eab00000, 0x00000000eb000000, 0x0000000100000000)
  eden space 3072K, 0% used [0x00000000eab00000,0x00000000eab00000,0x00000000eae00000)
  from space 1024K, 66% used [0x00000000eae00000,0x00000000eaeab428,0x00000000eaf00000)
  to   space 1024K, 0% used [0x00000000eaf00000,0x00000000eaf00000,0x00000000eb000000)
 ParOldGen       total 173568K, used 173329K [0x00000000c0000000, 0x00000000ca980000, 0x00000000eab00000)
  object space 173568K, 99% used [0x00000000c0000000,0x00000000ca944558,0x00000000ca980000)
 Metaspace       used 61657K, committed 62912K, reserved 1114112K
  class space    used 6333K, committed 6912K, reserved 1048576K
}
Event: 34.801 GC heap before
{Heap before GC invocations=193 (full 3):
 PSYoungGen      total 4096K, used 3757K [0x00000000eab00000, 0x00000000eb000000, 0x0000000100000000)
  eden space 3072K, 100% used [0x00000000eab00000,0x00000000eae00000,0x00000000eae00000)
  from space 1024K, 66% used [0x00000000eae00000,0x00000000eaeab428,0x00000000eaf00000)
  to   space 1024K, 0% used [0x00000000eaf00000,0x00000000eaf00000,0x00000000eb000000)
 ParOldGen       total 173568K, used 173329K [0x00000000c0000000, 0x00000000ca980000, 0x00000000eab00000)
  object space 173568K, 99% used [0x00000000c0000000,0x00000000ca944558,0x00000000ca980000)
 Metaspace       used 61676K, committed 62912K, reserved 1114112K
  class space    used 6334K, committed 6912K, reserved 1048576K
}
Event: 34.804 GC heap after
{Heap after GC invocations=193 (full 3):
 PSYoungGen      total 4096K, used 725K [0x00000000eab00000, 0x00000000eb000000, 0x0000000100000000)
  eden space 3072K, 0% used [0x00000000eab00000,0x00000000eab00000,0x00000000eae00000)
  from space 1024K, 70% used [0x00000000eaf00000,0x00000000eafb54e8,0x00000000eb000000)
  to   space 1024K, 0% used [0x00000000eae00000,0x00000000eae00000,0x00000000eaf00000)
 ParOldGen       total 174080K, used 173878K [0x00000000c0000000, 0x00000000caa00000, 0x00000000eab00000)
  object space 174080K, 99% used [0x00000000c0000000,0x00000000ca9cd8b0,0x00000000caa00000)
 Metaspace       used 61676K, committed 62912K, reserved 1114112K
  class space    used 6334K, committed 6912K, reserved 1048576K
}
Event: 34.830 GC heap before
{Heap before GC invocations=194 (full 3):
 PSYoungGen      total 4096K, used 3797K [0x00000000eab00000, 0x00000000eb000000, 0x0000000100000000)
  eden space 3072K, 99% used [0x00000000eab00000,0x00000000eadffff8,0x00000000eae00000)
  from space 1024K, 70% used [0x00000000eaf00000,0x00000000eafb54e8,0x00000000eb000000)
  to   space 1024K, 0% used [0x00000000eae00000,0x00000000eae00000,0x00000000eaf00000)
 ParOldGen       total 174080K, used 173878K [0x00000000c0000000, 0x00000000caa00000, 0x00000000eab00000)
  object space 174080K, 99% used [0x00000000c0000000,0x00000000ca9cd8b0,0x00000000caa00000)
 Metaspace       used 61696K, committed 62912K, reserved 1114112K
  class space    used 6334K, committed 6912K, reserved 1048576K
}
Event: 34.834 GC heap after
{Heap after GC invocations=194 (full 3):
 PSYoungGen      total 4096K, used 752K [0x00000000eab00000, 0x00000000eb000000, 0x0000000100000000)
  eden space 3072K, 0% used [0x00000000eab00000,0x00000000eab00000,0x00000000eae00000)
  from space 1024K, 73% used [0x00000000eae00000,0x00000000eaebc120,0x00000000eaf00000)
  to   space 1024K, 0% used [0x00000000eaf00000,0x00000000eaf00000,0x00000000eb000000)
 ParOldGen       total 174592K, used 174492K [0x00000000c0000000, 0x00000000caa80000, 0x00000000eab00000)
  object space 174592K, 99% used [0x00000000c0000000,0x00000000caa67168,0x00000000caa80000)
 Metaspace       used 61696K, committed 62912K, reserved 1114112K
  class space    used 6334K, committed 6912K, reserved 1048576K
}
Event: 34.877 GC heap before
{Heap before GC invocations=195 (full 3):
 PSYoungGen      total 4096K, used 3824K [0x00000000eab00000, 0x00000000eb000000, 0x0000000100000000)
  eden space 3072K, 100% used [0x00000000eab00000,0x00000000eae00000,0x00000000eae00000)
  from space 1024K, 73% used [0x00000000eae00000,0x00000000eaebc120,0x00000000eaf00000)
  to   space 1024K, 0% used [0x00000000eaf00000,0x00000000eaf00000,0x00000000eb000000)
 ParOldGen       total 174592K, used 174492K [0x00000000c0000000, 0x00000000caa80000, 0x00000000eab00000)
  object space 174592K, 99% used [0x00000000c0000000,0x00000000caa67168,0x00000000caa80000)
 Metaspace       used 61751K, committed 62976K, reserved 1114112K
  class space    used 6337K, committed 6912K, reserved 1048576K
}

