# JRE version: OpenJDK Runtime Environment Temurin-21.0.6+7 (21.0.6+7) (build 21.0.6+7-LTS)
# Java VM: OpenJDK 64-Bit Server VM Temurin-21.0.6+7 (21.0.6+7-LTS, mixed mode, sharing, tiered, compressed oops, compressed class ptrs, parallel gc, windows-amd64)
GC Precious Log:
 CardTable entry size: 512
 CPUs: 8 total, 8 available
 Memory: 7937M
 Large Page Support: Disabled
 NUMA Support: Disabled
 Compressed Oops: Enabled (32-bit)
 Alignments: Space 512K, Generation 512K, Heap 2M
 Heap Min Capacity: 100M
 Heap Initial Capacity: 100M
 Heap Max Capacity: 1G
 Pre-touch: Disabled
 Parallel Workers: 8
Heap:
 PSYoungGen      total 2560K, used 1135K [0x00000000eab00000, 0x00000000eae00000, 0x0000000100000000)
  eden space 2048K, 30% used [0x00000000eab00000,0x00000000eab9e3a0,0x00000000ead00000)
  from space 512K, 98% used [0x00000000ead80000,0x00000000eadfd9a0,0x00000000eae00000)
  to   space 512K, 0% used [0x00000000ead00000,0x00000000ead00000,0x00000000ead80000)
 ParOldGen       total 174080K, used 173648K [0x00000000c0000000, 0x00000000caa00000, 0x00000000eab00000)
  object space 174080K, 99% used [0x00000000c0000000,0x00000000ca9942b0,0x00000000caa00000)
 Metaspace       used 58270K, committed 59584K, reserved 1114112K
  class space    used 6071K, committed 6656K, reserved 1048576K
GC Heap History (20 events):
Event: 18.828 GC heap after
{Heap after GC invocations=135 (full 2):
 PSYoungGen      total 1536K, used 370K [0x00000000eab00000, 0x00000000eae00000, 0x0000000100000000)
  eden space 1024K, 0% used [0x00000000eab00000,0x00000000eab00000,0x00000000eac00000)
  from space 512K, 72% used [0x00000000eac00000,0x00000000eac5c920,0x00000000eac80000)
  to   space 512K, 0% used [0x00000000ead80000,0x00000000ead80000,0x00000000eae00000)
 ParOldGen       total 170496K, used 170037K [0x00000000c0000000, 0x00000000ca680000, 0x00000000eab00000)
  object space 170496K, 99% used [0x00000000c0000000,0x00000000ca60d4d0,0x00000000ca680000)
 Metaspace       used 58270K, committed 59584K, reserved 1114112K
  class space    used 6071K, committed 6656K, reserved 1048576K
}
Event: 18.834 GC heap before
{Heap before GC invocations=136 (full 2):
 PSYoungGen      total 1536K, used 1394K [0x00000000eab00000, 0x00000000eae00000, 0x0000000100000000)
  eden space 1024K, 100% used [0x00000000eab00000,0x00000000eac00000,0x00000000eac00000)
  from space 512K, 72% used [0x00000000eac00000,0x00000000eac5c920,0x00000000eac80000)
  to   space 512K, 0% used [0x00000000ead80000,0x00000000ead80000,0x00000000eae00000)
 ParOldGen       total 170496K, used 170037K [0x00000000c0000000, 0x00000000ca680000, 0x00000000eab00000)
  object space 170496K, 99% used [0x00000000c0000000,0x00000000ca60d4d0,0x00000000ca680000)
 Metaspace       used 58270K, committed 59584K, reserved 1114112K
  class space    used 6071K, committed 6656K, reserved 1048576K
}
Event: 18.836 GC heap after
{Heap after GC invocations=136 (full 2):
 PSYoungGen      total 1536K, used 384K [0x00000000eab00000, 0x00000000eae00000, 0x0000000100000000)
  eden space 1024K, 0% used [0x00000000eab00000,0x00000000eab00000,0x00000000eac00000)
  from space 512K, 75% used [0x00000000ead80000,0x00000000eade0000,0x00000000eae00000)
  to   space 512K, 0% used [0x00000000eac00000,0x00000000eac00000,0x00000000eac80000)
 ParOldGen       total 170496K, used 170291K [0x00000000c0000000, 0x00000000ca680000, 0x00000000eab00000)
  object space 170496K, 99% used [0x00000000c0000000,0x00000000ca64cf20,0x00000000ca680000)
 Metaspace       used 58270K, committed 59584K, reserved 1114112K
  class space    used 6071K, committed 6656K, reserved 1048576K
}
Event: 18.843 GC heap before
{Heap before GC invocations=137 (full 2):
 PSYoungGen      total 1536K, used 1408K [0x00000000eab00000, 0x00000000eae00000, 0x0000000100000000)
  eden space 1024K, 100% used [0x00000000eab00000,0x00000000eac00000,0x00000000eac00000)
  from space 512K, 75% used [0x00000000ead80000,0x00000000eade0000,0x00000000eae00000)
  to   space 512K, 0% used [0x00000000eac00000,0x00000000eac00000,0x00000000eac80000)
 ParOldGen       total 170496K, used 170291K [0x00000000c0000000, 0x00000000ca680000, 0x00000000eab00000)
  object space 170496K, 99% used [0x00000000c0000000,0x00000000ca64cf20,0x00000000ca680000)
 Metaspace       used 58270K, committed 59584K, reserved 1114112K
  class space    used 6071K, committed 6656K, reserved 1048576K
}
Event: 18.845 GC heap after
{Heap after GC invocations=137 (full 2):
 PSYoungGen      total 1536K, used 405K [0x00000000eab00000, 0x00000000eae00000, 0x0000000100000000)
  eden space 1024K, 0% used [0x00000000eab00000,0x00000000eab00000,0x00000000eac00000)
  from space 512K, 79% used [0x00000000eac00000,0x00000000eac65638,0x00000000eac80000)
  to   space 512K, 0% used [0x00000000ead80000,0x00000000ead80000,0x00000000eae00000)
 ParOldGen       total 171008K, used 170557K [0x00000000c0000000, 0x00000000ca700000, 0x00000000eab00000)
  object space 171008K, 99% used [0x00000000c0000000,0x00000000ca68f430,0x00000000ca700000)
 Metaspace       used 58270K, committed 59584K, reserved 1114112K
  class space    used 6071K, committed 6656K, reserved 1048576K
}
Event: 18.851 GC heap before
{Heap before GC invocations=138 (full 2):
 PSYoungGen      total 1536K, used 1429K [0x00000000eab00000, 0x00000000eae00000, 0x0000000100000000)
  eden space 1024K, 100% used [0x00000000eab00000,0x00000000eac00000,0x00000000eac00000)
  from space 512K, 79% used [0x00000000eac00000,0x00000000eac65638,0x00000000eac80000)
  to   space 512K, 0% used [0x00000000ead80000,0x00000000ead80000,0x00000000eae00000)
 ParOldGen       total 171008K, used 170557K [0x00000000c0000000, 0x00000000ca700000, 0x00000000eab00000)
  object space 171008K, 99% used [0x00000000c0000000,0x00000000ca68f430,0x00000000ca700000)
 Metaspace       used 58270K, committed 59584K, reserved 1114112K
  class space    used 6071K, committed 6656K, reserved 1048576K
}
Event: 18.853 GC heap after
{Heap after GC invocations=138 (full 2):
 PSYoungGen      total 1536K, used 341K [0x00000000eab00000, 0x00000000eae00000, 0x0000000100000000)
  eden space 1024K, 0% used [0x00000000eab00000,0x00000000eab00000,0x00000000eac00000)
  from space 512K, 66% used [0x00000000ead80000,0x00000000eadd5688,0x00000000eae00000)
  to   space 512K, 0% used [0x00000000eac00000,0x00000000eac00000,0x00000000eac80000)
 ParOldGen       total 171008K, used 170809K [0x00000000c0000000, 0x00000000ca700000, 0x00000000eab00000)
  object space 171008K, 99% used [0x00000000c0000000,0x00000000ca6ce460,0x00000000ca700000)
 Metaspace       used 58270K, committed 59584K, reserved 1114112K
  class space    used 6071K, committed 6656K, reserved 1048576K
}
Event: 18.861 GC heap before
{Heap before GC invocations=139 (full 2):
 PSYoungGen      total 1536K, used 1365K [0x00000000eab00000, 0x00000000eae00000, 0x0000000100000000)
  eden space 1024K, 100% used [0x00000000eab00000,0x00000000eac00000,0x00000000eac00000)
  from space 512K, 66% used [0x00000000ead80000,0x00000000eadd5688,0x00000000eae00000)
  to   space 512K, 0% used [0x00000000eac00000,0x00000000eac00000,0x00000000eac80000)
 ParOldGen       total 171008K, used 170809K [0x00000000c0000000, 0x00000000ca700000, 0x00000000eab00000)
  object space 171008K, 99% used [0x00000000c0000000,0x00000000ca6ce460,0x00000000ca700000)
 Metaspace       used 58270K, committed 59584K, reserved 1114112K
  class space    used 6071K, committed 6656K, reserved 1048576K
}
Event: 18.863 GC heap after
{Heap after GC invocations=139 (full 2):
 PSYoungGen      total 1536K, used 384K [0x00000000eab00000, 0x00000000eae00000, 0x0000000100000000)
  eden space 1024K, 0% used [0x00000000eab00000,0x00000000eab00000,0x00000000eac00000)
  from space 512K, 75% used [0x00000000eac00000,0x00000000eac60000,0x00000000eac80000)
  to   space 512K, 0% used [0x00000000ead80000,0x00000000ead80000,0x00000000eae00000)
 ParOldGen       total 171520K, used 171081K [0x00000000c0000000, 0x00000000ca780000, 0x00000000eab00000)
  object space 171520K, 99% used [0x00000000c0000000,0x00000000ca7126d8,0x00000000ca780000)
 Metaspace       used 58270K, committed 59584K, reserved 1114112K
  class space    used 6071K, committed 6656K, reserved 1048576K
}
Event: 18.874 GC heap before
{Heap before GC invocations=140 (full 2):
 PSYoungGen      total 1536K, used 1408K [0x00000000eab00000, 0x00000000eae00000, 0x0000000100000000)
  eden space 1024K, 100% used [0x00000000eab00000,0x00000000eac00000,0x00000000eac00000)
  from space 512K, 75% used [0x00000000eac00000,0x00000000eac60000,0x00000000eac80000)
  to   space 512K, 0% used [0x00000000ead80000,0x00000000ead80000,0x00000000eae00000)
 ParOldGen       total 171520K, used 171081K [0x00000000c0000000, 0x00000000ca780000, 0x00000000eab00000)
  object space 171520K, 99% used [0x00000000c0000000,0x00000000ca7126f0,0x00000000ca780000)
 Metaspace       used 58270K, committed 59584K, reserved 1114112K
  class space    used 6071K, committed 6656K, reserved 1048576K
}
Event: 18.876 GC heap after
{Heap after GC invocations=140 (full 2):
 PSYoungGen      total 1536K, used 375K [0x00000000eab00000, 0x00000000eae00000, 0x0000000100000000)
  eden space 1024K, 0% used [0x00000000eab00000,0x00000000eab00000,0x00000000eac00000)
  from space 512K, 73% used [0x00000000ead80000,0x00000000eadddcf0,0x00000000eae00000)
  to   space 512K, 0% used [0x00000000eac00000,0x00000000eac00000,0x00000000eac80000)
 ParOldGen       total 171520K, used 171336K [0x00000000c0000000, 0x00000000ca780000, 0x00000000eab00000)
  object space 171520K, 99% used [0x00000000c0000000,0x00000000ca752080,0x00000000ca780000)
 Metaspace       used 58270K, committed 59584K, reserved 1114112K
  class space    used 6071K, committed 6656K, reserved 1048576K
}
Event: 18.884 GC heap before
{Heap before GC invocations=141 (full 2):
 PSYoungGen      total 1536K, used 1399K [0x00000000eab00000, 0x00000000eae00000, 0x0000000100000000)
  eden space 1024K, 100% used [0x00000000eab00000,0x00000000eac00000,0x00000000eac00000)
  from space 512K, 73% used [0x00000000ead80000,0x00000000eadddcf0,0x00000000eae00000)
  to   space 512K, 0% used [0x00000000eac00000,0x00000000eac00000,0x00000000eac80000)
 ParOldGen       total 171520K, used 171339K [0x00000000c0000000, 0x00000000ca780000, 0x00000000eab00000)
  object space 171520K, 99% used [0x00000000c0000000,0x00000000ca752ce0,0x00000000ca780000)
 Metaspace       used 58270K, committed 59584K, reserved 1114112K
  class space    used 6071K, committed 6656K, reserved 1048576K
}
Event: 18.886 GC heap after
{Heap after GC invocations=141 (full 2):
 PSYoungGen      total 1536K, used 416K [0x00000000eab00000, 0x00000000eae00000, 0x0000000100000000)
  eden space 1024K, 0% used [0x00000000eab00000,0x00000000eab00000,0x00000000eac00000)
  from space 512K, 81% used [0x00000000eac00000,0x00000000eac68000,0x00000000eac80000)
  to   space 512K, 0% used [0x00000000ead80000,0x00000000ead80000,0x00000000eae00000)
 ParOldGen       total 172032K, used 171611K [0x00000000c0000000, 0x00000000ca800000, 0x00000000eab00000)
  object space 172032K, 99% used [0x00000000c0000000,0x00000000ca796e10,0x00000000ca800000)
 Metaspace       used 58270K, committed 59584K, reserved 1114112K
  class space    used 6071K, committed 6656K, reserved 1048576K
}
Event: 18.894 GC heap before
{Heap before GC invocations=142 (full 2):
 PSYoungGen      total 1536K, used 1440K [0x00000000eab00000, 0x00000000eae00000, 0x0000000100000000)
  eden space 1024K, 100% used [0x00000000eab00000,0x00000000eac00000,0x00000000eac00000)
  from space 512K, 81% used [0x00000000eac00000,0x00000000eac68000,0x00000000eac80000)
  to   space 512K, 0% used [0x00000000ead80000,0x00000000ead80000,0x00000000eae00000)
 ParOldGen       total 172032K, used 171611K [0x00000000c0000000, 0x00000000ca800000, 0x00000000eab00000)
  object space 172032K, 99% used [0x00000000c0000000,0x00000000ca796e10,0x00000000ca800000)
 Metaspace       used 58270K, committed 59584K, reserved 1114112K
  class space    used 6071K, committed 6656K, reserved 1048576K
}
Event: 18.896 GC heap after
{Heap after GC invocations=142 (full 2):
 PSYoungGen      total 1536K, used 384K [0x00000000eab00000, 0x00000000eae00000, 0x0000000100000000)
  eden space 1024K, 0% used [0x00000000eab00000,0x00000000eab00000,0x00000000eac00000)
  from space 512K, 75% used [0x00000000ead80000,0x00000000eade0000,0x00000000eae00000)
  to   space 512K, 0% used [0x00000000eac00000,0x00000000eac00000,0x00000000eac80000)
 ParOldGen       total 172032K, used 171878K [0x00000000c0000000, 0x00000000ca800000, 0x00000000eab00000)
  object space 172032K, 99% used [0x00000000c0000000,0x00000000ca7d9958,0x00000000ca800000)
 Metaspace       used 58270K, committed 59584K, reserved 1114112K
  class space    used 6071K, committed 6656K, reserved 1048576K
}
Event: 18.903 GC heap before
{Heap before GC invocations=143 (full 2):
 PSYoungGen      total 1536K, used 1408K [0x00000000eab00000, 0x00000000eae00000, 0x0000000100000000)
  eden space 1024K, 100% used [0x00000000eab00000,0x00000000eac00000,0x00000000eac00000)
  from space 512K, 75% used [0x00000000ead80000,0x00000000eade0000,0x00000000eae00000)
  to   space 512K, 0% used [0x00000000eac00000,0x00000000eac00000,0x00000000eac80000)
 ParOldGen       total 172032K, used 171878K [0x00000000c0000000, 0x00000000ca800000, 0x00000000eab00000)
  object space 172032K, 99% used [0x00000000c0000000,0x00000000ca7d9958,0x00000000ca800000)
 Metaspace       used 58270K, committed 59584K, reserved 1114112K
  class space    used 6071K, committed 6656K, reserved 1048576K
}
Event: 18.905 GC heap after
{Heap after GC invocations=143 (full 2):
 PSYoungGen      total 1536K, used 498K [0x00000000eab00000, 0x00000000eae00000, 0x0000000100000000)
  eden space 1024K, 0% used [0x00000000eab00000,0x00000000eab00000,0x00000000eac00000)
  from space 512K, 97% used [0x00000000eac00000,0x00000000eac7ca38,0x00000000eac80000)
  to   space 1024K, 0% used [0x00000000ead00000,0x00000000ead00000,0x00000000eae00000)
 ParOldGen       total 172544K, used 172163K [0x00000000c0000000, 0x00000000ca880000, 0x00000000eab00000)
  object space 172544K, 99% used [0x00000000c0000000,0x00000000ca820d08,0x00000000ca880000)
 Metaspace       used 58270K, committed 59584K, reserved 1114112K
  class space    used 6071K, committed 6656K, reserved 1048576K
}
Event: 18.913 GC heap before
{Heap before GC invocations=144 (full 2):
 PSYoungGen      total 1536K, used 1522K [0x00000000eab00000, 0x00000000eae00000, 0x0000000100000000)
  eden space 1024K, 100% used [0x00000000eab00000,0x00000000eac00000,0x00000000eac00000)
  from space 512K, 97% used [0x00000000eac00000,0x00000000eac7ca38,0x00000000eac80000)
  to   space 1024K, 0% used [0x00000000ead00000,0x00000000ead00000,0x00000000eae00000)
 ParOldGen       total 172544K, used 172163K [0x00000000c0000000, 0x00000000ca880000, 0x00000000eab00000)
  object space 172544K, 99% used [0x00000000c0000000,0x00000000ca820d08,0x00000000ca880000)
 Metaspace       used 58270K, committed 59584K, reserved 1114112K
  class space    used 6071K, committed 6656K, reserved 1048576K
}
Event: 18.915 GC heap after
{Heap after GC invocations=144 (full 2):
 PSYoungGen      total 1536K, used 439K [0x00000000eab00000, 0x00000000ead80000, 0x0000000100000000)
  eden space 1024K, 0% used [0x00000000eab00000,0x00000000eab00000,0x00000000eac00000)
  from space 512K, 85% used [0x00000000ead00000,0x00000000ead6dc40,0x00000000ead80000)
  to   space 512K, 0% used [0x00000000eac00000,0x00000000eac00000,0x00000000eac80000)
 ParOldGen       total 172544K, used 172514K [0x00000000c0000000, 0x00000000ca880000, 0x00000000eab00000)
  object space 172544K, 99% used [0x00000000c0000000,0x00000000ca878bb0,0x00000000ca880000)
 Metaspace       used 58270K, committed 59584K, reserved 1114112K
  class space    used 6071K, committed 6656K, reserved 1048576K
}
Event: 18.933 GC heap before
{Heap before GC invocations=145 (full 2):
 PSYoungGen      total 1536K, used 1463K [0x00000000eab00000, 0x00000000ead80000, 0x0000000100000000)
  eden space 1024K, 100% used [0x00000000eab00000,0x00000000eac00000,0x00000000eac00000)
  from space 512K, 85% used [0x00000000ead00000,0x00000000ead6dc40,0x00000000ead80000)
  to   space 512K, 0% used [0x00000000eac00000,0x00000000eac00000,0x00000000eac80000)
 ParOldGen       total 172544K, used 172514K [0x00000000c0000000, 0x00000000ca880000, 0x00000000eab00000)
  object space 172544K, 99% used [0x00000000c0000000,0x00000000ca878bb0,0x00000000ca880000)
 Metaspace       used 58270K, committed 59584K, reserved 1114112K
  class space    used 6071K, committed 6656K, reserved 1048576K
}

