# JRE version: OpenJDK Runtime Environment Temurin-21.0.7+6 (21.0.7+6) (build 21.0.7+6-LTS)
# Java VM: OpenJDK 64-Bit Server VM Temurin-21.0.7+6 (21.0.7+6-LTS, mixed mode, sharing, tiered, compressed oops, compressed class ptrs, parallel gc, windows-amd64)
GC Precious Log:
 CardTable entry size: 512
 CPUs: 8 total, 8 available
 Memory: 7937M
 Large Page Support: Disabled
 NUMA Support: Disabled
 Compressed Oops: Enabled (32-bit)
 Alignments: Space 512K, Generation 512K, Heap 2M
 Heap Min Capacity: 100M
 Heap Initial Capacity: 100M
 Heap Max Capacity: 1G
 Pre-touch: Disabled
 Parallel Workers: 8
Heap:
 PSYoungGen      total 13824K, used 1066K [0x00000000eab00000, 0x00000000ebc80000, 0x0000000100000000)
  eden space 12800K, 0% used [0x00000000eab00000,0x00000000eab0f5b8,0x00000000eb780000)
  from space 1024K, 98% used [0x00000000eb880000,0x00000000eb97b510,0x00000000eb980000)
  to   space 2560K, 0% used [0x00000000eba00000,0x00000000eba00000,0x00000000ebc80000)
 ParOldGen       total 68608K, used 39203K [0x00000000c0000000, 0x00000000c4300000, 0x00000000eab00000)
  object space 68608K, 57% used [0x00000000c0000000,0x00000000c2648c88,0x00000000c4300000)
 Metaspace       used 45221K, committed 46272K, reserved 1114112K
  class space    used 4796K, committed 5248K, reserved 1048576K
GC Heap History (20 events):
Event: 8.143 GC heap before
{Heap before GC invocations=23 (full 1):
 PSYoungGen      total 13824K, used 9646K [0x00000000eab00000, 0x00000000ebc80000, 0x0000000100000000)
  eden space 12800K, 67% used [0x00000000eab00000,0x00000000eb36cec8,0x00000000eb780000)
  from space 1024K, 99% used [0x00000000ebb00000,0x00000000ebbfeba8,0x00000000ebc00000)
  to   space 512K, 0% used [0x00000000ebc00000,0x00000000ebc00000,0x00000000ebc80000)
 ParOldGen       total 68608K, used 34406K [0x00000000c0000000, 0x00000000c4300000, 0x00000000eab00000)
  object space 68608K, 50% used [0x00000000c0000000,0x00000000c2199b80,0x00000000c4300000)
 Metaspace       used 34890K, committed 35840K, reserved 1114112K
  class space    used 3507K, committed 3904K, reserved 1048576K
}
Event: 8.144 GC heap after
{Heap after GC invocations=23 (full 1):
 PSYoungGen      total 13312K, used 256K [0x00000000eab00000, 0x00000000ebc80000, 0x0000000100000000)
  eden space 12800K, 0% used [0x00000000eab00000,0x00000000eab00000,0x00000000eb780000)
  from space 512K, 50% used [0x00000000ebc00000,0x00000000ebc40000,0x00000000ebc80000)
  to   space 1024K, 0% used [0x00000000eba80000,0x00000000eba80000,0x00000000ebb80000)
 ParOldGen       total 68608K, used 35404K [0x00000000c0000000, 0x00000000c4300000, 0x00000000eab00000)
  object space 68608K, 51% used [0x00000000c0000000,0x00000000c22931f8,0x00000000c4300000)
 Metaspace       used 34890K, committed 35840K, reserved 1114112K
  class space    used 3507K, committed 3904K, reserved 1048576K
}
Event: 8.144 GC heap before
{Heap before GC invocations=24 (full 2):
 PSYoungGen      total 13312K, used 256K [0x00000000eab00000, 0x00000000ebc80000, 0x0000000100000000)
  eden space 12800K, 0% used [0x00000000eab00000,0x00000000eab00000,0x00000000eb780000)
  from space 512K, 50% used [0x00000000ebc00000,0x00000000ebc40000,0x00000000ebc80000)
  to   space 1024K, 0% used [0x00000000eba80000,0x00000000eba80000,0x00000000ebb80000)
 ParOldGen       total 68608K, used 35404K [0x00000000c0000000, 0x00000000c4300000, 0x00000000eab00000)
  object space 68608K, 51% used [0x00000000c0000000,0x00000000c22931f8,0x00000000c4300000)
 Metaspace       used 34890K, committed 35840K, reserved 1114112K
  class space    used 3507K, committed 3904K, reserved 1048576K
}
Event: 8.188 GC heap after
{Heap after GC invocations=24 (full 2):
 PSYoungGen      total 13312K, used 0K [0x00000000eab00000, 0x00000000ebc80000, 0x0000000100000000)
  eden space 12800K, 0% used [0x00000000eab00000,0x00000000eab00000,0x00000000eb780000)
  from space 512K, 0% used [0x00000000ebc00000,0x00000000ebc00000,0x00000000ebc80000)
  to   space 1024K, 0% used [0x00000000eba80000,0x00000000eba80000,0x00000000ebb80000)
 ParOldGen       total 68608K, used 33304K [0x00000000c0000000, 0x00000000c4300000, 0x00000000eab00000)
  object space 68608K, 48% used [0x00000000c0000000,0x00000000c20860c0,0x00000000c4300000)
 Metaspace       used 34890K, committed 35840K, reserved 1114112K
  class space    used 3507K, committed 3904K, reserved 1048576K
}
Event: 8.232 GC heap before
{Heap before GC invocations=25 (full 2):
 PSYoungGen      total 13312K, used 12799K [0x00000000eab00000, 0x00000000ebc80000, 0x0000000100000000)
  eden space 12800K, 99% used [0x00000000eab00000,0x00000000eb77ff20,0x00000000eb780000)
  from space 512K, 0% used [0x00000000ebc00000,0x00000000ebc00000,0x00000000ebc80000)
  to   space 1024K, 0% used [0x00000000eba80000,0x00000000eba80000,0x00000000ebb80000)
 ParOldGen       total 68608K, used 33304K [0x00000000c0000000, 0x00000000c4300000, 0x00000000eab00000)
  object space 68608K, 48% used [0x00000000c0000000,0x00000000c20860c0,0x00000000c4300000)
 Metaspace       used 35405K, committed 36352K, reserved 1114112K
  class space    used 3579K, committed 3968K, reserved 1048576K
}
Event: 8.233 GC heap after
{Heap after GC invocations=25 (full 2):
 PSYoungGen      total 13824K, used 720K [0x00000000eab00000, 0x00000000ebc80000, 0x0000000100000000)
  eden space 12800K, 0% used [0x00000000eab00000,0x00000000eab00000,0x00000000eb780000)
  from space 1024K, 70% used [0x00000000eba80000,0x00000000ebb34150,0x00000000ebb80000)
  to   space 1024K, 0% used [0x00000000ebb80000,0x00000000ebb80000,0x00000000ebc80000)
 ParOldGen       total 68608K, used 33312K [0x00000000c0000000, 0x00000000c4300000, 0x00000000eab00000)
  object space 68608K, 48% used [0x00000000c0000000,0x00000000c20880c0,0x00000000c4300000)
 Metaspace       used 35405K, committed 36352K, reserved 1114112K
  class space    used 3579K, committed 3968K, reserved 1048576K
}
Event: 8.326 GC heap before
{Heap before GC invocations=26 (full 2):
 PSYoungGen      total 13824K, used 13520K [0x00000000eab00000, 0x00000000ebc80000, 0x0000000100000000)
  eden space 12800K, 100% used [0x00000000eab00000,0x00000000eb780000,0x00000000eb780000)
  from space 1024K, 70% used [0x00000000eba80000,0x00000000ebb34150,0x00000000ebb80000)
  to   space 1024K, 0% used [0x00000000ebb80000,0x00000000ebb80000,0x00000000ebc80000)
 ParOldGen       total 68608K, used 33312K [0x00000000c0000000, 0x00000000c4300000, 0x00000000eab00000)
  object space 68608K, 48% used [0x00000000c0000000,0x00000000c20880c0,0x00000000c4300000)
 Metaspace       used 36507K, committed 37504K, reserved 1114112K
  class space    used 3728K, committed 4160K, reserved 1048576K
}
Event: 8.328 GC heap after
{Heap after GC invocations=26 (full 2):
 PSYoungGen      total 13824K, used 1009K [0x00000000eab00000, 0x00000000ebc80000, 0x0000000100000000)
  eden space 12800K, 0% used [0x00000000eab00000,0x00000000eab00000,0x00000000eb780000)
  from space 1024K, 98% used [0x00000000ebb80000,0x00000000ebc7c6b0,0x00000000ebc80000)
  to   space 2048K, 0% used [0x00000000eb880000,0x00000000eb880000,0x00000000eba80000)
 ParOldGen       total 68608K, used 33968K [0x00000000c0000000, 0x00000000c4300000, 0x00000000eab00000)
  object space 68608K, 49% used [0x00000000c0000000,0x00000000c212c0c0,0x00000000c4300000)
 Metaspace       used 36507K, committed 37504K, reserved 1114112K
  class space    used 3728K, committed 4160K, reserved 1048576K
}
Event: 8.408 GC heap before
{Heap before GC invocations=27 (full 2):
 PSYoungGen      total 13824K, used 13809K [0x00000000eab00000, 0x00000000ebc80000, 0x0000000100000000)
  eden space 12800K, 100% used [0x00000000eab00000,0x00000000eb780000,0x00000000eb780000)
  from space 1024K, 98% used [0x00000000ebb80000,0x00000000ebc7c6b0,0x00000000ebc80000)
  to   space 2048K, 0% used [0x00000000eb880000,0x00000000eb880000,0x00000000eba80000)
 ParOldGen       total 68608K, used 33968K [0x00000000c0000000, 0x00000000c4300000, 0x00000000eab00000)
  object space 68608K, 49% used [0x00000000c0000000,0x00000000c212c0c0,0x00000000c4300000)
 Metaspace       used 37724K, committed 38784K, reserved 1114112K
  class space    used 3873K, committed 4288K, reserved 1048576K
}
Event: 8.409 GC heap after
{Heap after GC invocations=27 (full 2):
 PSYoungGen      total 14848K, used 736K [0x00000000eab00000, 0x00000000ebc00000, 0x0000000100000000)
  eden space 12800K, 0% used [0x00000000eab00000,0x00000000eab00000,0x00000000eb780000)
  from space 2048K, 35% used [0x00000000eb880000,0x00000000eb938000,0x00000000eba80000)
  to   space 1536K, 0% used [0x00000000eba80000,0x00000000eba80000,0x00000000ebc00000)
 ParOldGen       total 68608K, used 34845K [0x00000000c0000000, 0x00000000c4300000, 0x00000000eab00000)
  object space 68608K, 50% used [0x00000000c0000000,0x00000000c22077a8,0x00000000c4300000)
 Metaspace       used 37724K, committed 38784K, reserved 1114112K
  class space    used 3873K, committed 4288K, reserved 1048576K
}
Event: 8.482 GC heap before
{Heap before GC invocations=28 (full 2):
 PSYoungGen      total 14848K, used 13536K [0x00000000eab00000, 0x00000000ebc00000, 0x0000000100000000)
  eden space 12800K, 100% used [0x00000000eab00000,0x00000000eb780000,0x00000000eb780000)
  from space 2048K, 35% used [0x00000000eb880000,0x00000000eb938000,0x00000000eba80000)
  to   space 1536K, 0% used [0x00000000eba80000,0x00000000eba80000,0x00000000ebc00000)
 ParOldGen       total 68608K, used 34845K [0x00000000c0000000, 0x00000000c4300000, 0x00000000eab00000)
  object space 68608K, 50% used [0x00000000c0000000,0x00000000c22077a8,0x00000000c4300000)
 Metaspace       used 38445K, committed 39552K, reserved 1114112K
  class space    used 3968K, committed 4416K, reserved 1048576K
}
Event: 8.483 GC heap after
{Heap after GC invocations=28 (full 2):
 PSYoungGen      total 13824K, used 640K [0x00000000eab00000, 0x00000000ebb80000, 0x0000000100000000)
  eden space 12800K, 0% used [0x00000000eab00000,0x00000000eab00000,0x00000000eb780000)
  from space 1024K, 62% used [0x00000000eba80000,0x00000000ebb20000,0x00000000ebb80000)
  to   space 1024K, 0% used [0x00000000eb980000,0x00000000eb980000,0x00000000eba80000)
 ParOldGen       total 68608K, used 35405K [0x00000000c0000000, 0x00000000c4300000, 0x00000000eab00000)
  object space 68608K, 51% used [0x00000000c0000000,0x00000000c22937a8,0x00000000c4300000)
 Metaspace       used 38445K, committed 39552K, reserved 1114112K
  class space    used 3968K, committed 4416K, reserved 1048576K
}
Event: 8.578 GC heap before
{Heap before GC invocations=29 (full 2):
 PSYoungGen      total 13824K, used 13438K [0x00000000eab00000, 0x00000000ebb80000, 0x0000000100000000)
  eden space 12800K, 99% used [0x00000000eab00000,0x00000000eb77fa58,0x00000000eb780000)
  from space 1024K, 62% used [0x00000000eba80000,0x00000000ebb20000,0x00000000ebb80000)
  to   space 1024K, 0% used [0x00000000eb980000,0x00000000eb980000,0x00000000eba80000)
 ParOldGen       total 68608K, used 35405K [0x00000000c0000000, 0x00000000c4300000, 0x00000000eab00000)
  object space 68608K, 51% used [0x00000000c0000000,0x00000000c22937a8,0x00000000c4300000)
 Metaspace       used 39256K, committed 40320K, reserved 1114112K
  class space    used 4063K, committed 4480K, reserved 1048576K
}
Event: 8.580 GC heap after
{Heap after GC invocations=29 (full 2):
 PSYoungGen      total 13824K, used 640K [0x00000000eab00000, 0x00000000ebb00000, 0x0000000100000000)
  eden space 12800K, 0% used [0x00000000eab00000,0x00000000eab00000,0x00000000eb780000)
  from space 1024K, 62% used [0x00000000eb980000,0x00000000eba20000,0x00000000eba80000)
  to   space 512K, 0% used [0x00000000eba80000,0x00000000eba80000,0x00000000ebb00000)
 ParOldGen       total 68608K, used 35837K [0x00000000c0000000, 0x00000000c4300000, 0x00000000eab00000)
  object space 68608K, 52% used [0x00000000c0000000,0x00000000c22ff7a8,0x00000000c4300000)
 Metaspace       used 39256K, committed 40320K, reserved 1114112K
  class space    used 4063K, committed 4480K, reserved 1048576K
}
Event: 8.720 GC heap before
{Heap before GC invocations=30 (full 2):
 PSYoungGen      total 13824K, used 13440K [0x00000000eab00000, 0x00000000ebb00000, 0x0000000100000000)
  eden space 12800K, 100% used [0x00000000eab00000,0x00000000eb780000,0x00000000eb780000)
  from space 1024K, 62% used [0x00000000eb980000,0x00000000eba20000,0x00000000eba80000)
  to   space 512K, 0% used [0x00000000eba80000,0x00000000eba80000,0x00000000ebb00000)
 ParOldGen       total 68608K, used 35837K [0x00000000c0000000, 0x00000000c4300000, 0x00000000eab00000)
  object space 68608K, 52% used [0x00000000c0000000,0x00000000c22ff7a8,0x00000000c4300000)
 Metaspace       used 40760K, committed 41856K, reserved 1114112K
  class space    used 4245K, committed 4672K, reserved 1048576K
}
Event: 8.723 GC heap after
{Heap after GC invocations=30 (full 2):
 PSYoungGen      total 13312K, used 512K [0x00000000eab00000, 0x00000000ebb00000, 0x0000000100000000)
  eden space 12800K, 0% used [0x00000000eab00000,0x00000000eab00000,0x00000000eb780000)
  from space 512K, 100% used [0x00000000eba80000,0x00000000ebb00000,0x00000000ebb00000)
  to   space 1536K, 0% used [0x00000000eb800000,0x00000000eb800000,0x00000000eb980000)
 ParOldGen       total 68608K, used 36677K [0x00000000c0000000, 0x00000000c4300000, 0x00000000eab00000)
  object space 68608K, 53% used [0x00000000c0000000,0x00000000c23d17b8,0x00000000c4300000)
 Metaspace       used 40760K, committed 41856K, reserved 1114112K
  class space    used 4245K, committed 4672K, reserved 1048576K
}
Event: 8.941 GC heap before
{Heap before GC invocations=31 (full 2):
 PSYoungGen      total 13312K, used 13312K [0x00000000eab00000, 0x00000000ebb00000, 0x0000000100000000)
  eden space 12800K, 100% used [0x00000000eab00000,0x00000000eb780000,0x00000000eb780000)
  from space 512K, 100% used [0x00000000eba80000,0x00000000ebb00000,0x00000000ebb00000)
  to   space 1536K, 0% used [0x00000000eb800000,0x00000000eb800000,0x00000000eb980000)
 ParOldGen       total 68608K, used 36677K [0x00000000c0000000, 0x00000000c4300000, 0x00000000eab00000)
  object space 68608K, 53% used [0x00000000c0000000,0x00000000c23d17b8,0x00000000c4300000)
 Metaspace       used 42226K, committed 43328K, reserved 1114112K
  class space    used 4430K, committed 4864K, reserved 1048576K
}
Event: 8.942 GC heap after
{Heap after GC invocations=31 (full 2):
 PSYoungGen      total 14336K, used 896K [0x00000000eab00000, 0x00000000ebb00000, 0x0000000100000000)
  eden space 12800K, 0% used [0x00000000eab00000,0x00000000eab00000,0x00000000eb780000)
  from space 1536K, 58% used [0x00000000eb800000,0x00000000eb8e0000,0x00000000eb980000)
  to   space 1536K, 0% used [0x00000000eb980000,0x00000000eb980000,0x00000000ebb00000)
 ParOldGen       total 68608K, used 37205K [0x00000000c0000000, 0x00000000c4300000, 0x00000000eab00000)
  object space 68608K, 54% used [0x00000000c0000000,0x00000000c24554b8,0x00000000c4300000)
 Metaspace       used 42226K, committed 43328K, reserved 1114112K
  class space    used 4430K, committed 4864K, reserved 1048576K
}
Event: 9.223 GC heap before
{Heap before GC invocations=32 (full 2):
 PSYoungGen      total 14336K, used 13696K [0x00000000eab00000, 0x00000000ebb00000, 0x0000000100000000)
  eden space 12800K, 100% used [0x00000000eab00000,0x00000000eb780000,0x00000000eb780000)
  from space 1536K, 58% used [0x00000000eb800000,0x00000000eb8e0000,0x00000000eb980000)
  to   space 1536K, 0% used [0x00000000eb980000,0x00000000eb980000,0x00000000ebb00000)
 ParOldGen       total 68608K, used 37205K [0x00000000c0000000, 0x00000000c4300000, 0x00000000eab00000)
  object space 68608K, 54% used [0x00000000c0000000,0x00000000c24554b8,0x00000000c4300000)
 Metaspace       used 43751K, committed 44864K, reserved 1114112K
  class space    used 4633K, committed 5120K, reserved 1048576K
}
Event: 9.225 GC heap after
{Heap after GC invocations=32 (full 2):
 PSYoungGen      total 13824K, used 992K [0x00000000eab00000, 0x00000000eba80000, 0x0000000100000000)
  eden space 12800K, 0% used [0x00000000eab00000,0x00000000eab00000,0x00000000eb780000)
  from space 1024K, 96% used [0x00000000eb980000,0x00000000eba78000,0x00000000eba80000)
  to   space 1024K, 0% used [0x00000000eb880000,0x00000000eb880000,0x00000000eb980000)
 ParOldGen       total 68608K, used 37953K [0x00000000c0000000, 0x00000000c4300000, 0x00000000eab00000)
  object space 68608K, 55% used [0x00000000c0000000,0x00000000c25104e8,0x00000000c4300000)
 Metaspace       used 43751K, committed 44864K, reserved 1114112K
  class space    used 4633K, committed 5120K, reserved 1048576K
}

