# JRE version: OpenJDK Runtime Environment Temurin-21.0.7+6 (21.0.7+6) (build 21.0.7+6-LTS)
# Java VM: OpenJDK 64-Bit Server VM Temurin-21.0.7+6 (21.0.7+6-LTS, mixed mode, sharing, tiered, compressed oops, compressed class ptrs, parallel gc, windows-amd64)
GC Precious Log:
 CardTable entry size: 512
 CPUs: 8 total, 8 available
 Memory: 7937M
 Large Page Support: Disabled
 NUMA Support: Disabled
 Compressed Oops: Enabled (32-bit)
 Alignments: Space 512K, Generation 512K, Heap 2M
 Heap Min Capacity: 100M
 Heap Initial Capacity: 100M
 Heap Max Capacity: 1G
 Pre-touch: Disabled
 Parallel Workers: 8
Heap:
 PSYoungGen      total 11776K, used 2016K [0x00000000eab00000, 0x00000000eb880000, 0x0000000100000000)
  eden space 9728K, 0% used [0x00000000eab00000,0x00000000eab00000,0x00000000eb480000)
  from space 2048K, 98% used [0x00000000eb680000,0x00000000eb878210,0x00000000eb880000)
  to   space 2048K, 0% used [0x00000000eb480000,0x00000000eb480000,0x00000000eb680000)
 ParOldGen       total 81920K, used 81532K [0x00000000c0000000, 0x00000000c5000000, 0x00000000eab00000)
  object space 81920K, 99% used [0x00000000c0000000,0x00000000c4f9f258,0x00000000c5000000)
 Metaspace       used 57795K, committed 59072K, reserved 1114112K
  class space    used 6078K, committed 6656K, reserved 1048576K
GC Heap History (20 events):
Event: 19.834 GC heap before
{Heap before GC invocations=54 (full 2):
 PSYoungGen      total 14336K, used 14331K [0x00000000eab00000, 0x00000000ebf80000, 0x0000000100000000)
  eden space 11776K, 100% used [0x00000000eab00000,0x00000000eb680000,0x00000000eb680000)
  from space 2560K, 99% used [0x00000000eb700000,0x00000000eb97ee28,0x00000000eb980000)
  to   space 4608K, 0% used [0x00000000ebb00000,0x00000000ebb00000,0x00000000ebf80000)
 ParOldGen       total 68608K, used 66184K [0x00000000c0000000, 0x00000000c4300000, 0x00000000eab00000)
  object space 68608K, 96% used [0x00000000c0000000,0x00000000c40a2048,0x00000000c4300000)
 Metaspace       used 55631K, committed 56832K, reserved 1114112K
  class space    used 5909K, committed 6464K, reserved 1048576K
}
Event: 19.837 GC heap after
{Heap after GC invocations=54 (full 2):
 PSYoungGen      total 14336K, used 2051K [0x00000000eab00000, 0x00000000ebd80000, 0x0000000100000000)
  eden space 11776K, 0% used [0x00000000eab00000,0x00000000eab00000,0x00000000eb680000)
  from space 2560K, 80% used [0x00000000ebb00000,0x00000000ebd00c88,0x00000000ebd80000)
  to   space 3072K, 0% used [0x00000000eb780000,0x00000000eb780000,0x00000000eba80000)
 ParOldGen       total 69120K, used 68650K [0x00000000c0000000, 0x00000000c4380000, 0x00000000eab00000)
  object space 69120K, 99% used [0x00000000c0000000,0x00000000c430a870,0x00000000c4380000)
 Metaspace       used 55631K, committed 56832K, reserved 1114112K
  class space    used 5909K, committed 6464K, reserved 1048576K
}
Event: 19.989 GC heap before
{Heap before GC invocations=55 (full 2):
 PSYoungGen      total 14336K, used 13827K [0x00000000eab00000, 0x00000000ebd80000, 0x0000000100000000)
  eden space 11776K, 100% used [0x00000000eab00000,0x00000000eb680000,0x00000000eb680000)
  from space 2560K, 80% used [0x00000000ebb00000,0x00000000ebd00c88,0x00000000ebd80000)
  to   space 3072K, 0% used [0x00000000eb780000,0x00000000eb780000,0x00000000eba80000)
 ParOldGen       total 69120K, used 68650K [0x00000000c0000000, 0x00000000c4380000, 0x00000000eab00000)
  object space 69120K, 99% used [0x00000000c0000000,0x00000000c430a870,0x00000000c4380000)
 Metaspace       used 55687K, committed 56896K, reserved 1114112K
  class space    used 5910K, committed 6464K, reserved 1048576K
}
Event: 19.992 GC heap after
{Heap after GC invocations=55 (full 2):
 PSYoungGen      total 13824K, used 1780K [0x00000000eab00000, 0x00000000ebb80000, 0x0000000100000000)
  eden space 11776K, 0% used [0x00000000eab00000,0x00000000eab00000,0x00000000eb680000)
  from space 2048K, 86% used [0x00000000eb780000,0x00000000eb93d1b0,0x00000000eb980000)
  to   space 2048K, 0% used [0x00000000eb980000,0x00000000eb980000,0x00000000ebb80000)
 ParOldGen       total 70656K, used 70473K [0x00000000c0000000, 0x00000000c4500000, 0x00000000eab00000)
  object space 70656K, 99% used [0x00000000c0000000,0x00000000c44d27d0,0x00000000c4500000)
 Metaspace       used 55687K, committed 56896K, reserved 1114112K
  class space    used 5910K, committed 6464K, reserved 1048576K
}
Event: 20.220 GC heap before
{Heap before GC invocations=56 (full 2):
 PSYoungGen      total 13824K, used 13541K [0x00000000eab00000, 0x00000000ebb80000, 0x0000000100000000)
  eden space 11776K, 99% used [0x00000000eab00000,0x00000000eb67c648,0x00000000eb680000)
  from space 2048K, 86% used [0x00000000eb780000,0x00000000eb93d1b0,0x00000000eb980000)
  to   space 2048K, 0% used [0x00000000eb980000,0x00000000eb980000,0x00000000ebb80000)
 ParOldGen       total 70656K, used 70473K [0x00000000c0000000, 0x00000000c4500000, 0x00000000eab00000)
  object space 70656K, 99% used [0x00000000c0000000,0x00000000c44d27d0,0x00000000c4500000)
 Metaspace       used 56187K, committed 57408K, reserved 1114112K
  class space    used 5958K, committed 6528K, reserved 1048576K
}
Event: 20.223 GC heap after
{Heap after GC invocations=56 (full 2):
 PSYoungGen      total 11776K, used 2042K [0x00000000eab00000, 0x00000000ec080000, 0x0000000100000000)
  eden space 9728K, 0% used [0x00000000eab00000,0x00000000eab00000,0x00000000eb480000)
  from space 2048K, 99% used [0x00000000eb980000,0x00000000ebb7eab8,0x00000000ebb80000)
  to   space 5120K, 0% used [0x00000000eb480000,0x00000000eb480000,0x00000000eb980000)
 ParOldGen       total 73216K, used 72976K [0x00000000c0000000, 0x00000000c4780000, 0x00000000eab00000)
  object space 73216K, 99% used [0x00000000c0000000,0x00000000c4744290,0x00000000c4780000)
 Metaspace       used 56187K, committed 57408K, reserved 1114112K
  class space    used 5958K, committed 6528K, reserved 1048576K
}
Event: 20.248 GC heap before
{Heap before GC invocations=57 (full 2):
 PSYoungGen      total 11776K, used 11770K [0x00000000eab00000, 0x00000000ec080000, 0x0000000100000000)
  eden space 9728K, 100% used [0x00000000eab00000,0x00000000eb480000,0x00000000eb480000)
  from space 2048K, 99% used [0x00000000eb980000,0x00000000ebb7eab8,0x00000000ebb80000)
  to   space 5120K, 0% used [0x00000000eb480000,0x00000000eb480000,0x00000000eb980000)
 ParOldGen       total 73216K, used 72976K [0x00000000c0000000, 0x00000000c4780000, 0x00000000eab00000)
  object space 73216K, 99% used [0x00000000c0000000,0x00000000c4744290,0x00000000c4780000)
 Metaspace       used 56203K, committed 57408K, reserved 1114112K
  class space    used 5958K, committed 6528K, reserved 1048576K
}
Event: 20.251 GC heap after
{Heap after GC invocations=57 (full 2):
 PSYoungGen      total 11264K, used 1507K [0x00000000eab00000, 0x00000000eba80000, 0x0000000100000000)
  eden space 9728K, 0% used [0x00000000eab00000,0x00000000eab00000,0x00000000eb480000)
  from space 1536K, 98% used [0x00000000eb480000,0x00000000eb5f8e68,0x00000000eb600000)
  to   space 3072K, 0% used [0x00000000eb780000,0x00000000eb780000,0x00000000eba80000)
 ParOldGen       total 74752K, used 74452K [0x00000000c0000000, 0x00000000c4900000, 0x00000000eab00000)
  object space 74752K, 99% used [0x00000000c0000000,0x00000000c48b52a8,0x00000000c4900000)
 Metaspace       used 56203K, committed 57408K, reserved 1114112K
  class space    used 5958K, committed 6528K, reserved 1048576K
}
Event: 20.280 GC heap before
{Heap before GC invocations=58 (full 2):
 PSYoungGen      total 11264K, used 11233K [0x00000000eab00000, 0x00000000eba80000, 0x0000000100000000)
  eden space 9728K, 99% used [0x00000000eab00000,0x00000000eb47f5a8,0x00000000eb480000)
  from space 1536K, 98% used [0x00000000eb480000,0x00000000eb5f8e68,0x00000000eb600000)
  to   space 3072K, 0% used [0x00000000eb780000,0x00000000eb780000,0x00000000eba80000)
 ParOldGen       total 74752K, used 74452K [0x00000000c0000000, 0x00000000c4900000, 0x00000000eab00000)
  object space 74752K, 99% used [0x00000000c0000000,0x00000000c48b52a8,0x00000000c4900000)
 Metaspace       used 56219K, committed 57472K, reserved 1114112K
  class space    used 5958K, committed 6528K, reserved 1048576K
}
Event: 20.282 GC heap after
{Heap after GC invocations=58 (full 2):
 PSYoungGen      total 11776K, used 1850K [0x00000000eab00000, 0x00000000eb980000, 0x0000000100000000)
  eden space 9728K, 0% used [0x00000000eab00000,0x00000000eab00000,0x00000000eb480000)
  from space 2048K, 90% used [0x00000000eb780000,0x00000000eb94e8e8,0x00000000eb980000)
  to   space 2048K, 0% used [0x00000000eb580000,0x00000000eb580000,0x00000000eb780000)
 ParOldGen       total 75264K, used 75055K [0x00000000c0000000, 0x00000000c4980000, 0x00000000eab00000)
  object space 75264K, 99% used [0x00000000c0000000,0x00000000c494bef0,0x00000000c4980000)
 Metaspace       used 56219K, committed 57472K, reserved 1114112K
  class space    used 5958K, committed 6528K, reserved 1048576K
}
Event: 20.313 GC heap before
{Heap before GC invocations=59 (full 2):
 PSYoungGen      total 11776K, used 11578K [0x00000000eab00000, 0x00000000eb980000, 0x0000000100000000)
  eden space 9728K, 100% used [0x00000000eab00000,0x00000000eb480000,0x00000000eb480000)
  from space 2048K, 90% used [0x00000000eb780000,0x00000000eb94e8e8,0x00000000eb980000)
  to   space 2048K, 0% used [0x00000000eb580000,0x00000000eb580000,0x00000000eb780000)
 ParOldGen       total 75264K, used 75055K [0x00000000c0000000, 0x00000000c4980000, 0x00000000eab00000)
  object space 75264K, 99% used [0x00000000c0000000,0x00000000c494bef0,0x00000000c4980000)
 Metaspace       used 56224K, committed 57472K, reserved 1114112K
  class space    used 5958K, committed 6528K, reserved 1048576K
}
Event: 20.314 GC heap after
{Heap after GC invocations=59 (full 2):
 PSYoungGen      total 11264K, used 1353K [0x00000000eab00000, 0x00000000eb880000, 0x0000000100000000)
  eden space 9728K, 0% used [0x00000000eab00000,0x00000000eab00000,0x00000000eb480000)
  from space 1536K, 88% used [0x00000000eb580000,0x00000000eb6d24d8,0x00000000eb700000)
  to   space 1536K, 0% used [0x00000000eb700000,0x00000000eb700000,0x00000000eb880000)
 ParOldGen       total 76288K, used 75943K [0x00000000c0000000, 0x00000000c4a80000, 0x00000000eab00000)
  object space 76288K, 99% used [0x00000000c0000000,0x00000000c4a29db8,0x00000000c4a80000)
 Metaspace       used 56224K, committed 57472K, reserved 1114112K
  class space    used 5958K, committed 6528K, reserved 1048576K
}
Event: 20.332 GC heap before
{Heap before GC invocations=60 (full 2):
 PSYoungGen      total 11264K, used 11081K [0x00000000eab00000, 0x00000000eb880000, 0x0000000100000000)
  eden space 9728K, 100% used [0x00000000eab00000,0x00000000eb480000,0x00000000eb480000)
  from space 1536K, 88% used [0x00000000eb580000,0x00000000eb6d24d8,0x00000000eb700000)
  to   space 1536K, 0% used [0x00000000eb700000,0x00000000eb700000,0x00000000eb880000)
 ParOldGen       total 76288K, used 75943K [0x00000000c0000000, 0x00000000c4a80000, 0x00000000eab00000)
  object space 76288K, 99% used [0x00000000c0000000,0x00000000c4a29db8,0x00000000c4a80000)
 Metaspace       used 56226K, committed 57472K, reserved 1114112K
  class space    used 5958K, committed 6528K, reserved 1048576K
}
Event: 20.334 GC heap after
{Heap after GC invocations=60 (full 2):
 PSYoungGen      total 11264K, used 1358K [0x00000000eab00000, 0x00000000eb880000, 0x0000000100000000)
  eden space 9728K, 0% used [0x00000000eab00000,0x00000000eab00000,0x00000000eb480000)
  from space 1536K, 88% used [0x00000000eb700000,0x00000000eb853ba0,0x00000000eb880000)
  to   space 1536K, 0% used [0x00000000eb580000,0x00000000eb580000,0x00000000eb700000)
 ParOldGen       total 77312K, used 76840K [0x00000000c0000000, 0x00000000c4b80000, 0x00000000eab00000)
  object space 77312K, 99% used [0x00000000c0000000,0x00000000c4b0a040,0x00000000c4b80000)
 Metaspace       used 56226K, committed 57472K, reserved 1114112K
  class space    used 5958K, committed 6528K, reserved 1048576K
}
Event: 20.355 GC heap before
{Heap before GC invocations=61 (full 2):
 PSYoungGen      total 11264K, used 11086K [0x00000000eab00000, 0x00000000eb880000, 0x0000000100000000)
  eden space 9728K, 100% used [0x00000000eab00000,0x00000000eb480000,0x00000000eb480000)
  from space 1536K, 88% used [0x00000000eb700000,0x00000000eb853ba0,0x00000000eb880000)
  to   space 1536K, 0% used [0x00000000eb580000,0x00000000eb580000,0x00000000eb700000)
 ParOldGen       total 77312K, used 76840K [0x00000000c0000000, 0x00000000c4b80000, 0x00000000eab00000)
  object space 77312K, 99% used [0x00000000c0000000,0x00000000c4b0a040,0x00000000c4b80000)
 Metaspace       used 56228K, committed 57472K, reserved 1114112K
  class space    used 5958K, committed 6528K, reserved 1048576K
}
Event: 20.358 GC heap after
{Heap after GC invocations=61 (full 2):
 PSYoungGen      total 11264K, used 1514K [0x00000000eab00000, 0x00000000eb880000, 0x0000000100000000)
  eden space 9728K, 0% used [0x00000000eab00000,0x00000000eab00000,0x00000000eb480000)
  from space 1536K, 98% used [0x00000000eb580000,0x00000000eb6fa950,0x00000000eb700000)
  to   space 1536K, 0% used [0x00000000eb700000,0x00000000eb700000,0x00000000eb880000)
 ParOldGen       total 77824K, used 77346K [0x00000000c0000000, 0x00000000c4c00000, 0x00000000eab00000)
  object space 77824K, 99% used [0x00000000c0000000,0x00000000c4b88bc8,0x00000000c4c00000)
 Metaspace       used 56228K, committed 57472K, reserved 1114112K
  class space    used 5958K, committed 6528K, reserved 1048576K
}
Event: 20.415 GC heap before
{Heap before GC invocations=62 (full 2):
 PSYoungGen      total 11264K, used 11242K [0x00000000eab00000, 0x00000000eb880000, 0x0000000100000000)
  eden space 9728K, 100% used [0x00000000eab00000,0x00000000eb480000,0x00000000eb480000)
  from space 1536K, 98% used [0x00000000eb580000,0x00000000eb6fa950,0x00000000eb700000)
  to   space 1536K, 0% used [0x00000000eb700000,0x00000000eb700000,0x00000000eb880000)
 ParOldGen       total 77824K, used 77346K [0x00000000c0000000, 0x00000000c4c00000, 0x00000000eab00000)
  object space 77824K, 99% used [0x00000000c0000000,0x00000000c4b88bc8,0x00000000c4c00000)
 Metaspace       used 56867K, committed 58112K, reserved 1114112K
  class space    used 6013K, committed 6592K, reserved 1048576K
}
Event: 20.418 GC heap after
{Heap after GC invocations=62 (full 2):
 PSYoungGen      total 11264K, used 1515K [0x00000000eab00000, 0x00000000eb980000, 0x0000000100000000)
  eden space 9728K, 0% used [0x00000000eab00000,0x00000000eab00000,0x00000000eb480000)
  from space 1536K, 98% used [0x00000000eb700000,0x00000000eb87af98,0x00000000eb880000)
  to   space 2560K, 0% used [0x00000000eb480000,0x00000000eb480000,0x00000000eb700000)
 ParOldGen       total 78336K, used 78197K [0x00000000c0000000, 0x00000000c4c80000, 0x00000000eab00000)
  object space 78336K, 99% used [0x00000000c0000000,0x00000000c4c5d410,0x00000000c4c80000)
 Metaspace       used 56867K, committed 58112K, reserved 1114112K
  class space    used 6013K, committed 6592K, reserved 1048576K
}
Event: 20.532 GC heap before
{Heap before GC invocations=63 (full 2):
 PSYoungGen      total 11264K, used 11243K [0x00000000eab00000, 0x00000000eb980000, 0x0000000100000000)
  eden space 9728K, 100% used [0x00000000eab00000,0x00000000eb480000,0x00000000eb480000)
  from space 1536K, 98% used [0x00000000eb700000,0x00000000eb87af98,0x00000000eb880000)
  to   space 2560K, 0% used [0x00000000eb480000,0x00000000eb480000,0x00000000eb700000)
 ParOldGen       total 78336K, used 78197K [0x00000000c0000000, 0x00000000c4c80000, 0x00000000eab00000)
  object space 78336K, 99% used [0x00000000c0000000,0x00000000c4c5d410,0x00000000c4c80000)
 Metaspace       used 57750K, committed 59008K, reserved 1114112K
  class space    used 6076K, committed 6656K, reserved 1048576K
}
Event: 20.535 GC heap after
{Heap after GC invocations=63 (full 2):
 PSYoungGen      total 11776K, used 1792K [0x00000000eab00000, 0x00000000eb880000, 0x0000000100000000)
  eden space 9728K, 0% used [0x00000000eab00000,0x00000000eab00000,0x00000000eb480000)
  from space 2048K, 87% used [0x00000000eb480000,0x00000000eb640390,0x00000000eb680000)
  to   space 2048K, 0% used [0x00000000eb680000,0x00000000eb680000,0x00000000eb880000)
 ParOldGen       total 79872K, used 79724K [0x00000000c0000000, 0x00000000c4e00000, 0x00000000eab00000)
  object space 79872K, 99% used [0x00000000c0000000,0x00000000c4ddb1f8,0x00000000c4e00000)
 Metaspace       used 57750K, committed 59008K, reserved 1114112K
  class space    used 6076K, committed 6656K, reserved 1048576K
}

