# JRE version: OpenJDK Runtime Environment Microsoft-8035246 (17.0.8+7) (build 17.0.8+7-LTS)
# Java VM: OpenJDK 64-Bit Server VM Microsoft-8035246 (17.0.8+7-LTS, mixed mode, sharing, tiered, compressed oops, compressed class ptrs, g1 gc, windows-amd64)
GC Precious Log:
 CPUs: 8 total, 8 available
 Memory: 7937M
 Large Page Support: Disabled
 NUMA Support: Disabled
 Compressed Oops: Enabled (32-bit)
 Heap Region Size: 1M
 Heap Min Capacity: 8M
 Heap Initial Capacity: 126M
 Heap Max Capacity: 2G
 Pre-touch: Disabled
 Parallel Workers: 8
 Concurrent Workers: 2
 Concurrent Refinement Workers: 8
 Periodic GC: Disabled
Heap:
 garbage-first heap   total 223232K, used 107821K [0x0000000080000000, 0x0000000100000000)
  region size 1024K, 7 young (7168K), 7 survivors (7168K)
 Metaspace       used 99413K, committed 100416K, reserved 557056K
  class space    used 13383K, committed 13888K, reserved 425984K
GC Heap History (20 events):
Event: 26.163 GC heap after
{Heap after GC invocations=44 (full 0):
 garbage-first heap   total 148480K, used 81488K [0x0000000080000000, 0x0000000100000000)
  region size 1024K, 2 young (2048K), 2 survivors (2048K)
 Metaspace       used 86338K, committed 87232K, reserved 557056K
  class space    used 12060K, committed 12480K, reserved 425984K
}
Event: 26.179 GC heap before
{Heap before GC invocations=44 (full 0):
 garbage-first heap   total 148480K, used 86608K [0x0000000080000000, 0x0000000100000000)
  region size 1024K, 7 young (7168K), 2 survivors (2048K)
 Metaspace       used 86347K, committed 87232K, reserved 557056K
  class space    used 12060K, committed 12480K, reserved 425984K
}
Event: 26.182 GC heap after
{Heap after GC invocations=45 (full 0):
 garbage-first heap   total 223232K, used 81064K [0x0000000080000000, 0x0000000100000000)
  region size 1024K, 1 young (1024K), 1 survivors (1024K)
 Metaspace       used 86347K, committed 87232K, reserved 557056K
  class space    used 12060K, committed 12480K, reserved 425984K
}
Event: 26.703 GC heap before
{Heap before GC invocations=45 (full 0):
 garbage-first heap   total 223232K, used 180392K [0x0000000080000000, 0x0000000100000000)
  region size 1024K, 97 young (99328K), 1 survivors (1024K)
 Metaspace       used 86523K, committed 87424K, reserved 557056K
  class space    used 12079K, committed 12544K, reserved 425984K
}
Event: 26.706 GC heap after
{Heap after GC invocations=46 (full 0):
 garbage-first heap   total 223232K, used 81674K [0x0000000080000000, 0x0000000100000000)
  region size 1024K, 1 young (1024K), 1 survivors (1024K)
 Metaspace       used 86523K, committed 87424K, reserved 557056K
  class space    used 12079K, committed 12544K, reserved 425984K
}
Event: 27.549 GC heap before
{Heap before GC invocations=46 (full 0):
 garbage-first heap   total 223232K, used 186122K [0x0000000080000000, 0x0000000100000000)
  region size 1024K, 104 young (106496K), 1 survivors (1024K)
 Metaspace       used 89941K, committed 90944K, reserved 557056K
  class space    used 12625K, committed 13120K, reserved 425984K
}
Event: 27.553 GC heap after
{Heap after GC invocations=47 (full 0):
 garbage-first heap   total 223232K, used 83555K [0x0000000080000000, 0x0000000100000000)
  region size 1024K, 3 young (3072K), 3 survivors (3072K)
 Metaspace       used 89941K, committed 90944K, reserved 557056K
  class space    used 12625K, committed 13120K, reserved 425984K
}
Event: 40.119 GC heap before
{Heap before GC invocations=47 (full 0):
 garbage-first heap   total 223232K, used 188003K [0x0000000080000000, 0x0000000100000000)
  region size 1024K, 105 young (107520K), 3 survivors (3072K)
 Metaspace       used 93939K, committed 94976K, reserved 557056K
  class space    used 13019K, committed 13504K, reserved 425984K
}
Event: 40.128 GC heap after
{Heap after GC invocations=48 (full 0):
 garbage-first heap   total 223232K, used 89516K [0x0000000080000000, 0x0000000100000000)
  region size 1024K, 9 young (9216K), 9 survivors (9216K)
 Metaspace       used 93939K, committed 94976K, reserved 557056K
  class space    used 13019K, committed 13504K, reserved 425984K
}
Event: 51.757 GC heap before
{Heap before GC invocations=48 (full 0):
 garbage-first heap   total 223232K, used 184748K [0x0000000080000000, 0x0000000100000000)
  region size 1024K, 103 young (105472K), 9 survivors (9216K)
 Metaspace       used 94550K, committed 95552K, reserved 557056K
  class space    used 13020K, committed 13504K, reserved 425984K
}
Event: 51.765 GC heap after
{Heap after GC invocations=49 (full 0):
 garbage-first heap   total 223232K, used 92484K [0x0000000080000000, 0x0000000100000000)
  region size 1024K, 9 young (9216K), 9 survivors (9216K)
 Metaspace       used 94550K, committed 95552K, reserved 557056K
  class space    used 13020K, committed 13504K, reserved 425984K
}
Event: 54.398 GC heap before
{Heap before GC invocations=49 (full 0):
 garbage-first heap   total 223232K, used 189764K [0x0000000080000000, 0x0000000100000000)
  region size 1024K, 101 young (103424K), 9 survivors (9216K)
 Metaspace       used 96306K, committed 97344K, reserved 557056K
  class space    used 13093K, committed 13568K, reserved 425984K
}
Event: 54.406 GC heap after
{Heap after GC invocations=50 (full 0):
 garbage-first heap   total 223232K, used 97630K [0x0000000080000000, 0x0000000100000000)
  region size 1024K, 7 young (7168K), 7 survivors (7168K)
 Metaspace       used 96306K, committed 97344K, reserved 557056K
  class space    used 13093K, committed 13568K, reserved 425984K
}
Event: 54.585 GC heap before
{Heap before GC invocations=50 (full 0):
 garbage-first heap   total 223232K, used 186718K [0x0000000080000000, 0x0000000100000000)
  region size 1024K, 95 young (97280K), 7 survivors (7168K)
 Metaspace       used 97753K, committed 98816K, reserved 557056K
  class space    used 13236K, committed 13760K, reserved 425984K
}
Event: 54.591 GC heap after
{Heap after GC invocations=51 (full 0):
 garbage-first heap   total 223232K, used 102453K [0x0000000080000000, 0x0000000100000000)
  region size 1024K, 12 young (12288K), 12 survivors (12288K)
 Metaspace       used 97753K, committed 98816K, reserved 557056K
  class space    used 13236K, committed 13760K, reserved 425984K
}
Event: 54.802 GC heap before
{Heap before GC invocations=51 (full 0):
 garbage-first heap   total 223232K, used 185397K [0x0000000080000000, 0x0000000100000000)
  region size 1024K, 94 young (96256K), 12 survivors (12288K)
 Metaspace       used 98949K, committed 100032K, reserved 557056K
  class space    used 13357K, committed 13888K, reserved 425984K
}
Event: 54.809 GC heap after
{Heap after GC invocations=52 (full 0):
 garbage-first heap   total 223232K, used 103732K [0x0000000080000000, 0x0000000100000000)
  region size 1024K, 7 young (7168K), 7 survivors (7168K)
 Metaspace       used 98949K, committed 100032K, reserved 557056K
  class space    used 13357K, committed 13888K, reserved 425984K
}
Event: 54.944 GC heap before
{Heap before GC invocations=52 (full 0):
 garbage-first heap   total 223232K, used 188724K [0x0000000080000000, 0x0000000100000000)
  region size 1024K, 90 young (92160K), 7 survivors (7168K)
 Metaspace       used 99255K, committed 100288K, reserved 557056K
  class space    used 13378K, committed 13888K, reserved 425984K
}
Event: 54.950 GC heap after
{Heap after GC invocations=53 (full 0):
 garbage-first heap   total 223232K, used 108255K [0x0000000080000000, 0x0000000100000000)
  region size 1024K, 6 young (6144K), 6 survivors (6144K)
 Metaspace       used 99255K, committed 100288K, reserved 557056K
  class space    used 13378K, committed 13888K, reserved 425984K
}
Event: 55.035 GC heap before
{Heap before GC invocations=53 (full 0):
 garbage-first heap   total 223232K, used 173791K [0x0000000080000000, 0x0000000100000000)
  region size 1024K, 72 young (73728K), 6 survivors (6144K)
 Metaspace       used 99413K, committed 100416K, reserved 557056K
  class space    used 13383K, committed 13888K, reserved 425984K
}

